              :-) GROMACS - gmx mdrun, 2020.1-Ubuntu-2020.1-1 (-:

                            GROMACS is written by:
     Emile Apol      Rossen Apostolov      Paul Bauer     Herman J.C. Berendsen
    Par Bjelkmar      Christian Blau   Viacheslav Bolnykh     Kevin Boyd    
 Aldert van Buuren   Rudi van Drunen     Anton Feenstra       Alan Gray     
  Gerrit Groenhof     Anca Hamuraru    Vincent Hindriksen  M. Eric Irrgang  
  Aleksei Iupinov   Christoph Junghans     Joe Jordan     Dimitrios Karkoulis
    Peter Kasson        Jiri Kraus      Carsten Kutzner      Per Larsson    
  Justin A. Lemkul    Viveca Lindahl    Magnus Lundborg     Erik Marklund   
    Pascal Merz     Pieter Meulenhoff    Teemu Murtola       Szilard Pall   
    Sander Pronk      Roland Schulz      Michael Shirts    Alexey Shvetsov  
   Alfons Sijbers     Peter Tieleman      Jon Vincent      Teemu Virolainen 
 Christian Wennberg    Maarten Wolf      Artem Zhmurov   
                           and the project leaders:
        Mark Abraham, Berk Hess, Erik Lindahl, and David van der Spoel

Copyright (c) 1991-2000, University of Groningen, The Netherlands.
Copyright (c) 2001-2019, The GROMACS development team at
Uppsala University, Stockholm University and
the Royal Institute of Technology, Sweden.
check out http://www.gromacs.org for more information.

GROMACS is free software; you can redistribute it and/or modify it
under the terms of the GNU Lesser General Public License
as published by the Free Software Foundation; either version 2.1
of the License, or (at your option) any later version.

GROMACS:      gmx mdrun, version 2020.1-Ubuntu-2020.1-1
Executable:   /usr/bin/gmx
Data prefix:  /usr
Working dir:  /home/gabi/Documents/MD_GROMACS/speptide
Process ID:   7275
Command line:
  gmx mdrun -v -s pr -e pr -o pr -c after_pr -g prlog

GROMACS version:    2020.1-Ubuntu-2020.1-1
Precision:          single
Memory model:       64 bit
MPI library:        thread_mpi
OpenMP support:     enabled (GMX_OPENMP_MAX_THREADS = 64)
GPU support:        disabled
SIMD instructions:  SSE2
FFT library:        fftw-3.3.8-sse2-avx
RDTSCP usage:       disabled
TNG support:        enabled
Hwloc support:      hwloc-2.1.0
Tracing support:    disabled
C compiler:         /usr/bin/cc GNU 9.3.0
C compiler flags:   -msse2 -fexcess-precision=fast -funroll-all-loops
C++ compiler:       /usr/bin/c++ GNU 9.3.0
C++ compiler flags: -msse2 -fexcess-precision=fast -funroll-all-loops -fopenmp


Running on 1 node with total 2 cores, 2 logical cores
Hardware detected:
  CPU info:
    Vendor: Intel
    Brand:  Intel(R) Core(TM) i5-5200U CPU @ 2.20GHz
    Family: 6   Model: 61   Stepping: 4
    Features: aes apic avx avx2 clfsh cmov cx8 cx16 f16c fma intel lahf mmx msr nonstop_tsc pcid pclmuldq pdpe1gb popcnt pse rdrnd rdtscp sse2 sse3 sse4.1 sse4.2 ssse3 tdt x2apic
  Hardware topology: Full, with devices
    Sockets, cores, and logical processors:
      Socket  0: [   0]
      Socket  1: [   1]
    Numa nodes:
      Node  0 (4064215040 bytes mem):   0   1
      Latency:
               0
         0  1.00
    Caches:
      L1: 32768 bytes, linesize 64 bytes, assoc. 8, shared 1 ways
      L2: 262144 bytes, linesize 64 bytes, assoc. 8, shared 1 ways
      L3: 3145728 bytes, linesize 64 bytes, assoc. 12, shared 1 ways
    PCI devices:
      0000:00:07.1  Id: 8086:7111  Class: 0x0101  Numa: 0
      0000:00:0f.0  Id: 15ad:0405  Class: 0x0300  Numa: 0
      0000:00:10.0  Id: 1000:0030  Class: 0x0100  Numa: 0
      0000:02:01.0  Id: 8086:100f  Class: 0x0200  Numa: 0
      0000:02:04.0  Id: 15ad:07e0  Class: 0x0106  Numa: 0

Highest SIMD level requested by all nodes in run: AVX2_256
SIMD instructions selected at compile time:       SSE2
This program was compiled for different hardware than you are running on,
which could influence performance.
The current CPU can measure timings more accurately than the code in
gmx mdrun was configured to use. This might affect your simulation
speed as accurate timings are needed for load-balancing.
Please consider rebuilding gmx mdrun with the GMX_USE_RDTSCP=ON CMake option.

++++ PLEASE READ AND CITE THE FOLLOWING REFERENCE ++++
M. J. Abraham, T. Murtola, R. Schulz, S. Páll, J. C. Smith, B. Hess, E.
Lindahl
GROMACS: High performance molecular simulations through multi-level
parallelism from laptops to supercomputers
SoftwareX 1 (2015) pp. 19-25
-------- -------- --- Thank You --- -------- --------


++++ PLEASE READ AND CITE THE FOLLOWING REFERENCE ++++
S. Páll, M. J. Abraham, C. Kutzner, B. Hess, E. Lindahl
Tackling Exascale Software Challenges in Molecular Dynamics Simulations with
GROMACS
In S. Markidis & E. Laure (Eds.), Solving Software Challenges for Exascale 8759 (2015) pp. 3-27
-------- -------- --- Thank You --- -------- --------


++++ PLEASE READ AND CITE THE FOLLOWING REFERENCE ++++
S. Pronk, S. Páll, R. Schulz, P. Larsson, P. Bjelkmar, R. Apostolov, M. R.
Shirts, J. C. Smith, P. M. Kasson, D. van der Spoel, B. Hess, and E. Lindahl
GROMACS 4.5: a high-throughput and highly parallel open source molecular
simulation toolkit
Bioinformatics 29 (2013) pp. 845-54
-------- -------- --- Thank You --- -------- --------


++++ PLEASE READ AND CITE THE FOLLOWING REFERENCE ++++
B. Hess and C. Kutzner and D. van der Spoel and E. Lindahl
GROMACS 4: Algorithms for highly efficient, load-balanced, and scalable
molecular simulation
J. Chem. Theory Comput. 4 (2008) pp. 435-447
-------- -------- --- Thank You --- -------- --------


++++ PLEASE READ AND CITE THE FOLLOWING REFERENCE ++++
D. van der Spoel, E. Lindahl, B. Hess, G. Groenhof, A. E. Mark and H. J. C.
Berendsen
GROMACS: Fast, Flexible and Free
J. Comp. Chem. 26 (2005) pp. 1701-1719
-------- -------- --- Thank You --- -------- --------


++++ PLEASE READ AND CITE THE FOLLOWING REFERENCE ++++
E. Lindahl and B. Hess and D. van der Spoel
GROMACS 3.0: A package for molecular simulation and trajectory analysis
J. Mol. Mod. 7 (2001) pp. 306-317
-------- -------- --- Thank You --- -------- --------


++++ PLEASE READ AND CITE THE FOLLOWING REFERENCE ++++
H. J. C. Berendsen, D. van der Spoel and R. van Drunen
GROMACS: A message-passing parallel molecular dynamics implementation
Comp. Phys. Comm. 91 (1995) pp. 43-56
-------- -------- --- Thank You --- -------- --------

Input Parameters:
   integrator                     = md
   tinit                          = 0
   dt                             = 0.002
   nsteps                         = 5000
   init-step                      = 0
   simulation-part                = 1
   comm-mode                      = Linear
   nstcomm                        = 100
   bd-fric                        = 0
   ld-seed                        = 1901584483
   emtol                          = 10
   emstep                         = 0.01
   niter                          = 20
   fcstep                         = 0
   nstcgsteep                     = 1000
   nbfgscorr                      = 10
   rtpi                           = 0.05
   nstxout                        = 0
   nstvout                        = 0
   nstfout                        = 0
   nstlog                         = 100
   nstcalcenergy                  = 100
   nstenergy                      = 100
   nstxout-compressed             = 100
   compressed-x-precision         = 1000
   cutoff-scheme                  = Verlet
   nstlist                        = 10
   pbc                            = xyz
   periodic-molecules             = false
   verlet-buffer-tolerance        = 0.005
   rlist                          = 1
   coulombtype                    = PME
   coulomb-modifier               = Potential-shift
   rcoulomb-switch                = 0
   rcoulomb                       = 1
   epsilon-r                      = 1
   epsilon-rf                     = inf
   vdw-type                       = Cut-off
   vdw-modifier                   = Potential-shift
   rvdw-switch                    = 0
   rvdw                           = 1
   DispCorr                       = EnerPres
   table-extension                = 1
   fourierspacing                 = 0.12
   fourier-nx                     = 24
   fourier-ny                     = 25
   fourier-nz                     = 40
   pme-order                      = 4
   ewald-rtol                     = 1e-05
   ewald-rtol-lj                  = 0.001
   lj-pme-comb-rule               = Geometric
   ewald-geometry                 = 0
   epsilon-surface                = 0
   tcoupl                         = Berendsen
   nsttcouple                     = 10
   nh-chain-length                = 0
   print-nose-hoover-chain-variables = false
   pcoupl                         = No
   pcoupltype                     = Isotropic
   nstpcouple                     = -1
   tau-p                          = 1
   compressibility (3x3):
      compressibility[    0]={ 0.00000e+00,  0.00000e+00,  0.00000e+00}
      compressibility[    1]={ 0.00000e+00,  0.00000e+00,  0.00000e+00}
      compressibility[    2]={ 0.00000e+00,  0.00000e+00,  0.00000e+00}
   ref-p (3x3):
      ref-p[    0]={ 0.00000e+00,  0.00000e+00,  0.00000e+00}
      ref-p[    1]={ 0.00000e+00,  0.00000e+00,  0.00000e+00}
      ref-p[    2]={ 0.00000e+00,  0.00000e+00,  0.00000e+00}
   refcoord-scaling               = No
   posres-com (3):
      posres-com[0]= 0.00000e+00
      posres-com[1]= 0.00000e+00
      posres-com[2]= 0.00000e+00
   posres-comB (3):
      posres-comB[0]= 0.00000e+00
      posres-comB[1]= 0.00000e+00
      posres-comB[2]= 0.00000e+00
   QMMM                           = false
   QMconstraints                  = 0
   QMMMscheme                     = 0
   MMChargeScaleFactor            = 1
qm-opts:
   ngQM                           = 0
   constraint-algorithm           = Lincs
   continuation                   = false
   Shake-SOR                      = false
   shake-tol                      = 0.0001
   lincs-order                    = 4
   lincs-iter                     = 1
   lincs-warnangle                = 30
   nwall                          = 0
   wall-type                      = 9-3
   wall-r-linpot                  = -1
   wall-atomtype[0]               = -1
   wall-atomtype[1]               = -1
   wall-density[0]                = 0
   wall-density[1]                = 0
   wall-ewald-zfac                = 3
   pull                           = false
   awh                            = false
   rotation                       = false
   interactiveMD                  = false
   disre                          = No
   disre-weighting                = Conservative
   disre-mixed                    = false
   dr-fc                          = 1000
   dr-tau                         = 0
   nstdisreout                    = 100
   orire-fc                       = 0
   orire-tau                      = 0
   nstorireout                    = 100
   free-energy                    = no
   cos-acceleration               = 0
   deform (3x3):
      deform[    0]={ 0.00000e+00,  0.00000e+00,  0.00000e+00}
      deform[    1]={ 0.00000e+00,  0.00000e+00,  0.00000e+00}
      deform[    2]={ 0.00000e+00,  0.00000e+00,  0.00000e+00}
   simulated-tempering            = false
   swapcoords                     = no
   userint1                       = 0
   userint2                       = 0
   userint3                       = 0
   userint4                       = 0
   userreal1                      = 0
   userreal2                      = 0
   userreal3                      = 0
   userreal4                      = 0
   applied-forces:
     electric-field:
       x:
         E0                       = 0
         omega                    = 0
         t0                       = 0
         sigma                    = 0
       y:
         E0                       = 0
         omega                    = 0
         t0                       = 0
         sigma                    = 0
       z:
         E0                       = 0
         omega                    = 0
         t0                       = 0
         sigma                    = 0
     density-guided-simulation:
       active                     = false
       group                      = protein
       similarity-measure         = inner-product
       atom-spreading-weight      = unity
       force-constant             = 1e+09
       gaussian-transform-spreading-width = 0.2
       gaussian-transform-spreading-range-in-multiples-of-width = 4
       reference-density-filename = reference.mrc
       nst                        = 1
       normalize-densities        = true
       adaptive-force-scaling     = false
       adaptive-force-scaling-time-constant = 4
grpopts:
   nrdf:     740.658     5763.34
   ref-t:         300         300
   tau-t:         0.1         0.1
annealing:          No          No
annealing-npoints:           0           0
   acc:	           0           0           0
   nfreeze:           N           N           N
   energygrp-flags[  0]: 0

Changing nstlist from 10 to 50, rlist from 1 to 1.105


Using 1 MPI thread

Non-default thread affinity set, disabling internal thread affinity

Using 2 OpenMP threads 

System total charge: 0.000
Will do PME sum in reciprocal space for electrostatic interactions.

++++ PLEASE READ AND CITE THE FOLLOWING REFERENCE ++++
U. Essmann, L. Perera, M. L. Berkowitz, T. Darden, H. Lee and L. G. Pedersen 
A smooth particle mesh Ewald method
J. Chem. Phys. 103 (1995) pp. 8577-8592
-------- -------- --- Thank You --- -------- --------

Using a Gaussian width (1/beta) of 0.320163 nm for Ewald
Potential shift: LJ r^-12: -1.000e+00 r^-6: -1.000e+00, Ewald -1.000e-05
Initialized non-bonded Coulomb Ewald tables, spacing: 9.33e-04 size: 1073

Generated table with 1052 data points for 1-4 COUL.
Tabscale = 500 points/nm
Generated table with 1052 data points for 1-4 LJ6.
Tabscale = 500 points/nm
Generated table with 1052 data points for 1-4 LJ12.
Tabscale = 500 points/nm

Using SIMD 4x4 nonbonded short-range kernels

Using a dual 4x4 pair-list setup updated with dynamic pruning:
  outer list: updated every 50 steps, buffer 0.105 nm, rlist 1.105 nm
  inner list: updated every 12 steps, buffer 0.001 nm, rlist 1.001 nm
At tolerance 0.005 kJ/mol/ps per atom, equivalent classical 1x1 list would be:
  outer list: updated every 50 steps, buffer 0.231 nm, rlist 1.231 nm
  inner list: updated every 12 steps, buffer 0.046 nm, rlist 1.046 nm

Using Lorentz-Berthelot Lennard-Jones combination rule

Long Range LJ corr.: <C6> 3.1935e-04

Removing pbc first time

Initializing LINear Constraint Solver

++++ PLEASE READ AND CITE THE FOLLOWING REFERENCE ++++
B. Hess and H. Bekker and H. J. C. Berendsen and J. G. E. M. Fraaije
LINCS: A Linear Constraint Solver for molecular simulations
J. Comp. Chem. 18 (1997) pp. 1463-1472
-------- -------- --- Thank You --- -------- --------

The number of constraints is 144

++++ PLEASE READ AND CITE THE FOLLOWING REFERENCE ++++
S. Miyamoto and P. A. Kollman
SETTLE: An Analytical Version of the SHAKE and RATTLE Algorithms for Rigid
Water Models
J. Comp. Chem. 13 (1992) pp. 952-962
-------- -------- --- Thank You --- -------- --------


++++ PLEASE READ AND CITE THE FOLLOWING REFERENCE ++++
H. J. C. Berendsen, J. P. M. Postma, A. DiNola and J. R. Haak
Molecular dynamics with coupling to an external bath
J. Chem. Phys. 81 (1984) pp. 3684-3690
-------- -------- --- Thank You --- -------- --------

There are: 3178 Atoms

Constraining the starting coordinates (step 0)

Constraining the coordinates at t0-dt (step 0)
Center of mass motion removal mode is Linear
We have the following groups for center of mass motion removal:
  0:  rest
RMS relative constraint deviation after constraining: 2.41e-06
Initial temperature: 303.051 K

Started mdrun on rank 0 Sat Jul 18 04:07:32 2026

           Step           Time
              0        0.00000

   Energies (kJ/mol)
           Bond          Angle    Proper Dih.  Improper Dih.          LJ-14
    3.50697e+01    1.97794e+02    6.82997e+02    1.67766e+01    3.08272e+02
     Coulomb-14        LJ (SR)  Disper. corr.   Coulomb (SR)   Coul. recip.
    4.51066e+03    6.07035e+03   -4.22235e+02   -5.28600e+04    8.30236e+02
 Position Rest.      Potential    Kinetic En.   Total Energy  Conserved En.
    1.52724e-04   -4.06300e+04    8.20472e+03   -3.24253e+04   -3.24253e+04
    Temperature Pres. DC (bar) Pressure (bar)   Constr. rmsd
    3.03444e+02   -2.19652e+02    1.74851e+03    2.48083e-06

           Step           Time
            100        0.20000

   Energies (kJ/mol)
           Bond          Angle    Proper Dih.  Improper Dih.          LJ-14
    1.85386e+02    5.06424e+02    7.47250e+02    3.40194e+01    2.98599e+02
     Coulomb-14        LJ (SR)  Disper. corr.   Coulomb (SR)   Coul. recip.
    4.44086e+03    5.46371e+03   -4.22235e+02   -5.19623e+04    3.37083e+02
 Position Rest.      Potential    Kinetic En.   Total Energy  Conserved En.
    1.75743e+02   -4.01955e+04    8.23604e+03   -3.19594e+04   -3.23452e+04
    Temperature Pres. DC (bar) Pressure (bar)   Constr. rmsd
    3.04603e+02   -2.19652e+02    3.89684e+02    1.68916e-06

           Step           Time
            200        0.40000

   Energies (kJ/mol)
           Bond          Angle    Proper Dih.  Improper Dih.          LJ-14
    1.75370e+02    5.51761e+02    7.30343e+02    4.58811e+01    2.63538e+02
     Coulomb-14        LJ (SR)  Disper. corr.   Coulomb (SR)   Coul. recip.
    4.41138e+03    5.15229e+03   -4.22235e+02   -5.17711e+04    3.22062e+02
 Position Rest.      Potential    Kinetic En.   Total Energy  Conserved En.
    1.52032e+02   -4.03887e+04    8.24243e+03   -3.21463e+04   -3.23466e+04
    Temperature Pres. DC (bar) Pressure (bar)   Constr. rmsd
    3.04839e+02   -2.19652e+02   -5.09043e+02    3.11535e-06

           Step           Time
            300        0.60000

   Energies (kJ/mol)
           Bond          Angle    Proper Dih.  Improper Dih.          LJ-14
    2.02433e+02    5.92049e+02    7.57605e+02    3.21113e+01    2.65945e+02
     Coulomb-14        LJ (SR)  Disper. corr.   Coulomb (SR)   Coul. recip.
    4.39662e+03    5.19246e+03   -4.22235e+02   -5.19594e+04    3.32140e+02
 Position Rest.      Potential    Kinetic En.   Total Energy  Conserved En.
    1.38862e+02   -4.04714e+04    8.17963e+03   -3.22918e+04   -3.23495e+04
    Temperature Pres. DC (bar) Pressure (bar)   Constr. rmsd
    3.02516e+02   -2.19652e+02   -3.02915e+02    2.37428e-06

           Step           Time
            400        0.80000

   Energies (kJ/mol)
           Bond          Angle    Proper Dih.  Improper Dih.          LJ-14
    1.87998e+02    5.36429e+02    7.42992e+02    4.82091e+01    2.73134e+02
     Coulomb-14        LJ (SR)  Disper. corr.   Coulomb (SR)   Coul. recip.
    4.43333e+03    5.21210e+03   -4.22235e+02   -5.22016e+04    3.31120e+02
 Position Rest.      Potential    Kinetic En.   Total Energy  Conserved En.
    1.75926e+02   -4.06826e+04    8.23616e+03   -3.24464e+04   -3.23496e+04
    Temperature Pres. DC (bar) Pressure (bar)   Constr. rmsd
    3.04607e+02   -2.19652e+02   -7.78145e+02    2.33211e-06

           Step           Time
            500        1.00000

   Energies (kJ/mol)
           Bond          Angle    Proper Dih.  Improper Dih.          LJ-14
    1.83278e+02    6.26867e+02    7.19562e+02    3.36419e+01    2.90158e+02
     Coulomb-14        LJ (SR)  Disper. corr.   Coulomb (SR)   Coul. recip.
    4.42890e+03    5.46314e+03   -4.22235e+02   -5.24657e+04    3.36958e+02
 Position Rest.      Potential    Kinetic En.   Total Energy  Conserved En.
    1.12893e+02   -4.06925e+04    8.06112e+03   -3.26314e+04   -3.23427e+04
    Temperature Pres. DC (bar) Pressure (bar)   Constr. rmsd
    2.98134e+02   -2.19652e+02    2.30775e+02    1.55230e-06

           Step           Time
            600        1.20000

   Energies (kJ/mol)
           Bond          Angle    Proper Dih.  Improper Dih.          LJ-14
    2.35524e+02    6.27405e+02    7.29915e+02    1.99025e+01    2.31615e+02
     Coulomb-14        LJ (SR)  Disper. corr.   Coulomb (SR)   Coul. recip.
    4.34605e+03    5.44003e+03   -4.22235e+02   -5.24154e+04    3.57367e+02
 Position Rest.      Potential    Kinetic En.   Total Energy  Conserved En.
    1.26573e+02   -4.07232e+04    7.92362e+03   -3.27996e+04   -3.23465e+04
    Temperature Pres. DC (bar) Pressure (bar)   Constr. rmsd
    2.93048e+02   -2.19652e+02   -1.30698e+03    2.32905e-06

           Step           Time
            700        1.40000

   Energies (kJ/mol)
           Bond          Angle    Proper Dih.  Improper Dih.          LJ-14
    1.90891e+02    5.76431e+02    7.35763e+02    3.10114e+01    2.78494e+02
     Coulomb-14        LJ (SR)  Disper. corr.   Coulomb (SR)   Coul. recip.
    4.39659e+03    5.19521e+03   -4.22235e+02   -5.24276e+04    3.44731e+02
 Position Rest.      Potential    Kinetic En.   Total Energy  Conserved En.
    9.26100e+01   -4.10081e+04    8.18806e+03   -3.28200e+04   -3.23504e+04
    Temperature Pres. DC (bar) Pressure (bar)   Constr. rmsd
    3.02828e+02   -2.19652e+02   -1.03525e+03    2.52263e-06

           Step           Time
            800        1.60000

   Energies (kJ/mol)
           Bond          Angle    Proper Dih.  Improper Dih.          LJ-14
    2.16009e+02    6.14603e+02    7.16364e+02    3.54745e+01    2.80661e+02
     Coulomb-14        LJ (SR)  Disper. corr.   Coulomb (SR)   Coul. recip.
    4.37333e+03    5.62198e+03   -4.22235e+02   -5.31181e+04    3.16709e+02
 Position Rest.      Potential    Kinetic En.   Total Energy  Conserved En.
    1.19550e+02   -4.12456e+04    8.29987e+03   -3.29458e+04   -3.23524e+04
    Temperature Pres. DC (bar) Pressure (bar)   Constr. rmsd
    3.06963e+02   -2.19652e+02    4.98127e+02    2.05930e-06

           Step           Time
            900        1.80000

   Energies (kJ/mol)
           Bond          Angle    Proper Dih.  Improper Dih.          LJ-14
    2.37114e+02    6.21848e+02    7.12706e+02    5.35754e+01    2.72087e+02
     Coulomb-14        LJ (SR)  Disper. corr.   Coulomb (SR)   Coul. recip.
    4.36923e+03    5.09768e+03   -4.22235e+02   -5.24710e+04    2.94008e+02
 Position Rest.      Potential    Kinetic En.   Total Energy  Conserved En.
    1.07756e+02   -4.11272e+04    8.11683e+03   -3.30104e+04   -3.23522e+04
    Temperature Pres. DC (bar) Pressure (bar)   Constr. rmsd
    3.00194e+02   -2.19652e+02   -1.06231e+03    2.15410e-06

           Step           Time
           1000        2.00000

   Energies (kJ/mol)
           Bond          Angle    Proper Dih.  Improper Dih.          LJ-14
    2.10214e+02    5.91759e+02    7.20690e+02    2.84216e+01    2.82353e+02
     Coulomb-14        LJ (SR)  Disper. corr.   Coulomb (SR)   Coul. recip.
    4.38334e+03    5.39375e+03   -4.22235e+02   -5.28889e+04    3.17923e+02
 Position Rest.      Potential    Kinetic En.   Total Energy  Conserved En.
    1.07482e+02   -4.12752e+04    8.24854e+03   -3.30266e+04   -3.23515e+04
    Temperature Pres. DC (bar) Pressure (bar)   Constr. rmsd
    3.05065e+02   -2.19652e+02   -6.47618e+02    1.96592e-06

           Step           Time
           1100        2.20000

   Energies (kJ/mol)
           Bond          Angle    Proper Dih.  Improper Dih.          LJ-14
    2.33145e+02    6.24870e+02    7.15421e+02    5.03326e+01    2.83710e+02
     Coulomb-14        LJ (SR)  Disper. corr.   Coulomb (SR)   Coul. recip.
    4.35242e+03    5.27250e+03   -4.22235e+02   -5.25864e+04    3.23086e+02
 Position Rest.      Potential    Kinetic En.   Total Energy  Conserved En.
    9.99467e+01   -4.10532e+04    8.00484e+03   -3.30483e+04   -3.23476e+04
    Temperature Pres. DC (bar) Pressure (bar)   Constr. rmsd
    2.96052e+02   -2.19652e+02   -1.03081e+03    2.26348e-06

           Step           Time
           1200        2.40000

   Energies (kJ/mol)
           Bond          Angle    Proper Dih.  Improper Dih.          LJ-14
    2.30190e+02    6.60697e+02    7.32559e+02    3.93752e+01    2.78501e+02
     Coulomb-14        LJ (SR)  Disper. corr.   Coulomb (SR)   Coul. recip.
    4.34843e+03    5.10855e+03   -4.22235e+02   -5.23579e+04    3.24253e+02
 Position Rest.      Potential    Kinetic En.   Total Energy  Conserved En.
    7.96634e+01   -4.09779e+04    7.98358e+03   -3.29943e+04   -3.23462e+04
    Temperature Pres. DC (bar) Pressure (bar)   Constr. rmsd
    2.95266e+02   -2.19652e+02   -7.05797e+02    2.49967e-06

           Step           Time
           1300        2.60000

   Energies (kJ/mol)
           Bond          Angle    Proper Dih.  Improper Dih.          LJ-14
    1.89696e+02    6.10940e+02    7.38204e+02    5.03636e+01    2.72851e+02
     Coulomb-14        LJ (SR)  Disper. corr.   Coulomb (SR)   Coul. recip.
    4.37884e+03    5.60846e+03   -4.22235e+02   -5.29849e+04    3.01520e+02
 Position Rest.      Potential    Kinetic En.   Total Energy  Conserved En.
    1.12404e+02   -4.11438e+04    8.16057e+03   -3.29833e+04   -3.23521e+04
    Temperature Pres. DC (bar) Pressure (bar)   Constr. rmsd
    3.01811e+02   -2.19652e+02    8.06921e+01    2.14305e-06

           Step           Time
           1400        2.80000

   Energies (kJ/mol)
           Bond          Angle    Proper Dih.  Improper Dih.          LJ-14
    2.09365e+02    6.25117e+02    7.60579e+02    4.08287e+01    3.04828e+02
     Coulomb-14        LJ (SR)  Disper. corr.   Coulomb (SR)   Coul. recip.
    4.43880e+03    5.34899e+03   -4.22235e+02   -5.28471e+04    3.38404e+02
 Position Rest.      Potential    Kinetic En.   Total Energy  Conserved En.
    8.73795e+01   -4.11150e+04    8.12542e+03   -3.29896e+04   -3.23544e+04
    Temperature Pres. DC (bar) Pressure (bar)   Constr. rmsd
    3.00512e+02   -2.19652e+02   -2.09752e+02    1.51319e-06

           Step           Time
           1500        3.00000

   Energies (kJ/mol)
           Bond          Angle    Proper Dih.  Improper Dih.          LJ-14
    1.89282e+02    5.54017e+02    7.38617e+02    3.68448e+01    2.64381e+02
     Coulomb-14        LJ (SR)  Disper. corr.   Coulomb (SR)   Coul. recip.
    4.42187e+03    5.18752e+03   -4.22235e+02   -5.26638e+04    3.47727e+02
 Position Rest.      Potential    Kinetic En.   Total Energy  Conserved En.
    1.08036e+02   -4.12378e+04    8.21631e+03   -3.30215e+04   -3.23561e+04
    Temperature Pres. DC (bar) Pressure (bar)   Constr. rmsd
    3.03873e+02   -2.19652e+02   -7.22293e+02    2.40564e-06

           Step           Time
           1600        3.20000

   Energies (kJ/mol)
           Bond          Angle    Proper Dih.  Improper Dih.          LJ-14
    2.19970e+02    5.77767e+02    7.23054e+02    3.53116e+01    2.66149e+02
     Coulomb-14        LJ (SR)  Disper. corr.   Coulomb (SR)   Coul. recip.
    4.37998e+03    5.18614e+03   -4.22235e+02   -5.25528e+04    3.28457e+02
 Position Rest.      Potential    Kinetic En.   Total Energy  Conserved En.
    9.11240e+01   -4.11671e+04    8.11171e+03   -3.30554e+04   -3.23590e+04
    Temperature Pres. DC (bar) Pressure (bar)   Constr. rmsd
    3.00004e+02   -2.19652e+02   -9.47740e+02    2.69010e-06

           Step           Time
           1700        3.40000

   Energies (kJ/mol)
           Bond          Angle    Proper Dih.  Improper Dih.          LJ-14
    2.05471e+02    5.98268e+02    7.68807e+02    5.04241e+01    2.92685e+02
     Coulomb-14        LJ (SR)  Disper. corr.   Coulomb (SR)   Coul. recip.
    4.44383e+03    4.97074e+03   -4.22235e+02   -5.24980e+04    3.17829e+02
 Position Rest.      Potential    Kinetic En.   Total Energy  Conserved En.
    1.20047e+02   -4.11521e+04    8.21737e+03   -3.29347e+04   -3.23544e+04
    Temperature Pres. DC (bar) Pressure (bar)   Constr. rmsd
    3.03912e+02   -2.19652e+02   -6.76829e+02    2.41394e-06

           Step           Time
           1800        3.60000

   Energies (kJ/mol)
           Bond          Angle    Proper Dih.  Improper Dih.          LJ-14
    2.45236e+02    6.03045e+02    7.32385e+02    2.30290e+01    2.45482e+02
     Coulomb-14        LJ (SR)  Disper. corr.   Coulomb (SR)   Coul. recip.
    4.38453e+03    5.32558e+03   -4.22235e+02   -5.27823e+04    3.12518e+02
 Position Rest.      Potential    Kinetic En.   Total Energy  Conserved En.
    9.17056e+01   -4.12410e+04    8.25227e+03   -3.29888e+04   -3.23555e+04
    Temperature Pres. DC (bar) Pressure (bar)   Constr. rmsd
    3.05203e+02   -2.19652e+02   -2.52917e+02    2.57204e-06

           Step           Time
           1900        3.80000

   Energies (kJ/mol)
           Bond          Angle    Proper Dih.  Improper Dih.          LJ-14
    1.97056e+02    5.90768e+02    7.54594e+02    2.89051e+01    2.66866e+02
     Coulomb-14        LJ (SR)  Disper. corr.   Coulomb (SR)   Coul. recip.
    4.48964e+03    5.51146e+03   -4.22235e+02   -5.30821e+04    3.06243e+02
 Position Rest.      Potential    Kinetic En.   Total Energy  Conserved En.
    7.96828e+01   -4.12791e+04    8.18448e+03   -3.30946e+04   -3.23540e+04
    Temperature Pres. DC (bar) Pressure (bar)   Constr. rmsd
    3.02696e+02   -2.19652e+02   -1.55370e+01    1.80690e-06

           Step           Time
           2000        4.00000

   Energies (kJ/mol)
           Bond          Angle    Proper Dih.  Improper Dih.          LJ-14
    2.16622e+02    5.85150e+02    7.36100e+02    2.85263e+01    2.63975e+02
     Coulomb-14        LJ (SR)  Disper. corr.   Coulomb (SR)   Coul. recip.
    4.41480e+03    5.42621e+03   -4.22235e+02   -5.30113e+04    3.00096e+02
 Position Rest.      Potential    Kinetic En.   Total Energy  Conserved En.
    8.86764e+01   -4.13733e+04    8.30601e+03   -3.30673e+04   -3.23650e+04
    Temperature Pres. DC (bar) Pressure (bar)   Constr. rmsd
    3.07191e+02   -2.19652e+02   -1.12878e+03    3.65409e-06

           Step           Time
           2100        4.20000

   Energies (kJ/mol)
           Bond          Angle    Proper Dih.  Improper Dih.          LJ-14
    2.32060e+02    6.41536e+02    7.29898e+02    3.13011e+01    2.81854e+02
     Coulomb-14        LJ (SR)  Disper. corr.   Coulomb (SR)   Coul. recip.
    4.41025e+03    5.50523e+03   -4.22235e+02   -5.30300e+04    2.93710e+02
 Position Rest.      Potential    Kinetic En.   Total Energy  Conserved En.
    9.52023e+01   -4.12312e+04    8.02120e+03   -3.32100e+04   -3.23580e+04
    Temperature Pres. DC (bar) Pressure (bar)   Constr. rmsd
    2.96657e+02   -2.19652e+02   -1.79823e+02    3.48147e-06

           Step           Time
           2200        4.40000

   Energies (kJ/mol)
           Bond          Angle    Proper Dih.  Improper Dih.          LJ-14
    2.27754e+02    6.53161e+02    7.26915e+02    3.52294e+01    2.33366e+02
     Coulomb-14        LJ (SR)  Disper. corr.   Coulomb (SR)   Coul. recip.
    4.39161e+03    5.16960e+03   -4.22235e+02   -5.25584e+04    2.88180e+02
 Position Rest.      Potential    Kinetic En.   Total Energy  Conserved En.
    1.03092e+02   -4.11518e+04    8.08545e+03   -3.30663e+04   -3.23557e+04
    Temperature Pres. DC (bar) Pressure (bar)   Constr. rmsd
    2.99033e+02   -2.19652e+02   -1.33153e+03    2.83573e-06

           Step           Time
           2300        4.60000

   Energies (kJ/mol)
           Bond          Angle    Proper Dih.  Improper Dih.          LJ-14
    1.91911e+02    6.47390e+02    7.49431e+02    2.47324e+01    2.67176e+02
     Coulomb-14        LJ (SR)  Disper. corr.   Coulomb (SR)   Coul. recip.
    4.40235e+03    5.56855e+03   -4.22235e+02   -5.32661e+04    3.20588e+02
 Position Rest.      Potential    Kinetic En.   Total Energy  Conserved En.
    1.09831e+02   -4.14064e+04    8.09871e+03   -3.33077e+04   -3.23621e+04
    Temperature Pres. DC (bar) Pressure (bar)   Constr. rmsd
    2.99524e+02   -2.19652e+02   -8.00963e+02    2.86482e-06

           Step           Time
           2400        4.80000

   Energies (kJ/mol)
           Bond          Angle    Proper Dih.  Improper Dih.          LJ-14
    2.04811e+02    5.78965e+02    7.43279e+02    4.70725e+01    2.66888e+02
     Coulomb-14        LJ (SR)  Disper. corr.   Coulomb (SR)   Coul. recip.
    4.38467e+03    5.64667e+03   -4.22235e+02   -5.30641e+04    3.21047e+02
 Position Rest.      Potential    Kinetic En.   Total Energy  Conserved En.
    1.40672e+02   -4.11522e+04    7.94490e+03   -3.32073e+04   -3.23647e+04
    Temperature Pres. DC (bar) Pressure (bar)   Constr. rmsd
    2.93835e+02   -2.19652e+02    1.14618e+02    2.51746e-06

           Step           Time
           2500        5.00000

   Energies (kJ/mol)
           Bond          Angle    Proper Dih.  Improper Dih.          LJ-14
    2.47241e+02    5.68651e+02    7.48108e+02    4.26424e+01    2.67135e+02
     Coulomb-14        LJ (SR)  Disper. corr.   Coulomb (SR)   Coul. recip.
    4.37608e+03    5.34294e+03   -4.22235e+02   -5.28992e+04    3.30666e+02
 Position Rest.      Potential    Kinetic En.   Total Energy  Conserved En.
    9.72283e+01   -4.13007e+04    8.10083e+03   -3.31999e+04   -3.23611e+04
    Temperature Pres. DC (bar) Pressure (bar)   Constr. rmsd
    2.99602e+02   -2.19652e+02   -8.48226e+02    2.20001e-06

           Step           Time
           2600        5.20000

   Energies (kJ/mol)
           Bond          Angle    Proper Dih.  Improper Dih.          LJ-14
    2.01988e+02    5.90947e+02    7.57252e+02    5.78427e+01    3.00664e+02
     Coulomb-14        LJ (SR)  Disper. corr.   Coulomb (SR)   Coul. recip.
    4.43755e+03    5.63076e+03   -4.22235e+02   -5.30080e+04    3.07240e+02
 Position Rest.      Potential    Kinetic En.   Total Energy  Conserved En.
    8.13699e+01   -4.10646e+04    7.92148e+03   -3.31431e+04   -3.23589e+04
    Temperature Pres. DC (bar) Pressure (bar)   Constr. rmsd
    2.92969e+02   -2.19652e+02    2.02720e+01    3.04838e-06

           Step           Time
           2700        5.40000

   Energies (kJ/mol)
           Bond          Angle    Proper Dih.  Improper Dih.          LJ-14
    2.19135e+02    6.01995e+02    7.14523e+02    3.81054e+01    2.89780e+02
     Coulomb-14        LJ (SR)  Disper. corr.   Coulomb (SR)   Coul. recip.
    4.38756e+03    5.23173e+03   -4.22235e+02   -5.27822e+04    3.04490e+02
 Position Rest.      Potential    Kinetic En.   Total Energy  Conserved En.
    8.84939e+01   -4.13287e+04    8.20083e+03   -3.31278e+04   -3.23619e+04
    Temperature Pres. DC (bar) Pressure (bar)   Constr. rmsd
    3.03301e+02   -2.19652e+02   -1.10068e+03    2.59282e-06

           Step           Time
           2800        5.60000

   Energies (kJ/mol)
           Bond          Angle    Proper Dih.  Improper Dih.          LJ-14
    2.51252e+02    6.06045e+02    7.50799e+02    4.26616e+01    2.47745e+02
     Coulomb-14        LJ (SR)  Disper. corr.   Coulomb (SR)   Coul. recip.
    4.40825e+03    5.70827e+03   -4.22235e+02   -5.32625e+04    3.38788e+02
 Position Rest.      Potential    Kinetic En.   Total Energy  Conserved En.
    9.26393e+01   -4.12383e+04    8.01912e+03   -3.32192e+04   -3.23582e+04
    Temperature Pres. DC (bar) Pressure (bar)   Constr. rmsd
    2.96580e+02   -2.19652e+02   -1.26609e+02    1.62041e-06

           Step           Time
           2900        5.80000

   Energies (kJ/mol)
           Bond          Angle    Proper Dih.  Improper Dih.          LJ-14
    2.23110e+02    5.89387e+02    7.38084e+02    4.36347e+01    2.77921e+02
     Coulomb-14        LJ (SR)  Disper. corr.   Coulomb (SR)   Coul. recip.
    4.34903e+03    5.44374e+03   -4.22235e+02   -5.29314e+04    2.95327e+02
 Position Rest.      Potential    Kinetic En.   Total Energy  Conserved En.
    9.85205e+01   -4.12949e+04    8.14909e+03   -3.31458e+04   -3.23607e+04
    Temperature Pres. DC (bar) Pressure (bar)   Constr. rmsd
    3.01387e+02   -2.19652e+02    6.40549e+02    2.00507e-06

           Step           Time
           3000        6.00000

   Energies (kJ/mol)
           Bond          Angle    Proper Dih.  Improper Dih.          LJ-14
    1.73781e+02    6.67588e+02    7.22340e+02    4.45100e+01    2.78590e+02
     Coulomb-14        LJ (SR)  Disper. corr.   Coulomb (SR)   Coul. recip.
    4.40256e+03    5.34895e+03   -4.22235e+02   -5.27391e+04    3.26280e+02
 Position Rest.      Potential    Kinetic En.   Total Energy  Conserved En.
    1.01605e+02   -4.10952e+04    7.93216e+03   -3.31630e+04   -3.23561e+04
    Temperature Pres. DC (bar) Pressure (bar)   Constr. rmsd
    2.93364e+02   -2.19652e+02   -1.56750e+02    2.67704e-06

           Step           Time
           3100        6.20000

   Energies (kJ/mol)
           Bond          Angle    Proper Dih.  Improper Dih.          LJ-14
    2.17769e+02    6.08113e+02    7.54854e+02    3.62788e+01    2.89089e+02
     Coulomb-14        LJ (SR)  Disper. corr.   Coulomb (SR)   Coul. recip.
    4.39574e+03    5.37450e+03   -4.22235e+02   -5.28983e+04    3.10759e+02
 Position Rest.      Potential    Kinetic En.   Total Energy  Conserved En.
    8.68027e+01   -4.12466e+04    8.11226e+03   -3.31344e+04   -3.23631e+04
    Temperature Pres. DC (bar) Pressure (bar)   Constr. rmsd
    3.00025e+02   -2.19652e+02    3.11176e+01    2.85954e-06

           Step           Time
           3200        6.40000

   Energies (kJ/mol)
           Bond          Angle    Proper Dih.  Improper Dih.          LJ-14
    2.07183e+02    6.46866e+02    7.32150e+02    3.51955e+01    2.75923e+02
     Coulomb-14        LJ (SR)  Disper. corr.   Coulomb (SR)   Coul. recip.
    4.38304e+03    5.63930e+03   -4.22235e+02   -5.31743e+04    3.19484e+02
 Position Rest.      Potential    Kinetic En.   Total Energy  Conserved En.
    7.38780e+01   -4.12835e+04    8.06550e+03   -3.32180e+04   -3.23628e+04
    Temperature Pres. DC (bar) Pressure (bar)   Constr. rmsd
    2.98295e+02   -2.19652e+02    8.45154e+00    3.45169e-06

           Step           Time
           3300        6.60000

   Energies (kJ/mol)
           Bond          Angle    Proper Dih.  Improper Dih.          LJ-14
    1.92154e+02    6.37769e+02    7.25289e+02    2.72569e+01    2.64058e+02
     Coulomb-14        LJ (SR)  Disper. corr.   Coulomb (SR)   Coul. recip.
    4.42380e+03    5.38333e+03   -4.22235e+02   -5.28842e+04    2.99764e+02
 Position Rest.      Potential    Kinetic En.   Total Energy  Conserved En.
    7.84730e+01   -4.12746e+04    8.06461e+03   -3.32100e+04   -3.23651e+04
    Temperature Pres. DC (bar) Pressure (bar)   Constr. rmsd
    2.98263e+02   -2.19652e+02   -1.10725e+03    1.80662e-06

           Step           Time
           3400        6.80000

   Energies (kJ/mol)
           Bond          Angle    Proper Dih.  Improper Dih.          LJ-14
    2.12624e+02    5.87264e+02    7.08008e+02    1.92491e+01    2.89393e+02
     Coulomb-14        LJ (SR)  Disper. corr.   Coulomb (SR)   Coul. recip.
    4.38548e+03    5.62227e+03   -4.22235e+02   -5.31596e+04    2.98183e+02
 Position Rest.      Potential    Kinetic En.   Total Energy  Conserved En.
    9.13427e+01   -4.13680e+04    8.18825e+03   -3.31798e+04   -3.23737e+04
    Temperature Pres. DC (bar) Pressure (bar)   Constr. rmsd
    3.02835e+02   -2.19652e+02    4.76166e+01    2.75205e-06

           Step           Time
           3500        7.00000

   Energies (kJ/mol)
           Bond          Angle    Proper Dih.  Improper Dih.          LJ-14
    2.49154e+02    6.23486e+02    7.25722e+02    3.11449e+01    2.62129e+02
     Coulomb-14        LJ (SR)  Disper. corr.   Coulomb (SR)   Coul. recip.
    4.37096e+03    5.43672e+03   -4.22235e+02   -5.30666e+04    3.40967e+02
 Position Rest.      Potential    Kinetic En.   Total Energy  Conserved En.
    7.64598e+01   -4.13721e+04    8.20601e+03   -3.31661e+04   -3.23612e+04
    Temperature Pres. DC (bar) Pressure (bar)   Constr. rmsd
    3.03492e+02   -2.19652e+02   -5.23861e+02    2.90308e-06

           Step           Time
           3600        7.20000

   Energies (kJ/mol)
           Bond          Angle    Proper Dih.  Improper Dih.          LJ-14
    1.94751e+02    6.36294e+02    7.52158e+02    3.55750e+01    2.58571e+02
     Coulomb-14        LJ (SR)  Disper. corr.   Coulomb (SR)   Coul. recip.
    4.33738e+03    5.57613e+03   -4.22235e+02   -5.30914e+04    2.92088e+02
 Position Rest.      Potential    Kinetic En.   Total Energy  Conserved En.
    9.32857e+01   -4.13374e+04    8.15676e+03   -3.31806e+04   -3.23703e+04
    Temperature Pres. DC (bar) Pressure (bar)   Constr. rmsd
    3.01671e+02   -2.19652e+02   -5.29605e+02    2.37420e-06

           Step           Time
           3700        7.40000

   Energies (kJ/mol)
           Bond          Angle    Proper Dih.  Improper Dih.          LJ-14
    1.98952e+02    6.55850e+02    7.50680e+02    4.53499e+01    2.76509e+02
     Coulomb-14        LJ (SR)  Disper. corr.   Coulomb (SR)   Coul. recip.
    4.42725e+03    5.63781e+03   -4.22235e+02   -5.30687e+04    3.18178e+02
 Position Rest.      Potential    Kinetic En.   Total Energy  Conserved En.
    7.55578e+01   -4.11048e+04    8.00348e+03   -3.31013e+04   -3.23653e+04
    Temperature Pres. DC (bar) Pressure (bar)   Constr. rmsd
    2.96001e+02   -2.19652e+02    5.50050e+02    2.26983e-06

           Step           Time
           3800        7.60000

   Energies (kJ/mol)
           Bond          Angle    Proper Dih.  Improper Dih.          LJ-14
    1.93509e+02    6.21841e+02    7.65152e+02    3.98129e+01    2.68815e+02
     Coulomb-14        LJ (SR)  Disper. corr.   Coulomb (SR)   Coul. recip.
    4.39286e+03    5.43218e+03   -4.22235e+02   -5.29253e+04    3.10530e+02
 Position Rest.      Potential    Kinetic En.   Total Energy  Conserved En.
    8.66588e+01   -4.12361e+04    8.08908e+03   -3.31471e+04   -3.23703e+04
    Temperature Pres. DC (bar) Pressure (bar)   Constr. rmsd
    2.99168e+02   -2.19652e+02    4.60630e+02    2.50302e-06

           Step           Time
           3900        7.80000

   Energies (kJ/mol)
           Bond          Angle    Proper Dih.  Improper Dih.          LJ-14
    2.11861e+02    6.11262e+02    7.51765e+02    3.66327e+01    2.76129e+02
     Coulomb-14        LJ (SR)  Disper. corr.   Coulomb (SR)   Coul. recip.
    4.38630e+03    5.26492e+03   -4.22235e+02   -5.26677e+04    3.36494e+02
 Position Rest.      Potential    Kinetic En.   Total Energy  Conserved En.
    7.97266e+01   -4.11348e+04    8.11559e+03   -3.30192e+04   -3.23630e+04
    Temperature Pres. DC (bar) Pressure (bar)   Constr. rmsd
    3.00148e+02   -2.19652e+02   -5.70241e+02    2.39185e-06

           Step           Time
           4000        8.00000

   Energies (kJ/mol)
           Bond          Angle    Proper Dih.  Improper Dih.          LJ-14
    1.93450e+02    6.11111e+02    7.36886e+02    3.83093e+01    2.95566e+02
     Coulomb-14        LJ (SR)  Disper. corr.   Coulomb (SR)   Coul. recip.
    4.41566e+03    5.52307e+03   -4.22235e+02   -5.29352e+04    3.20745e+02
 Position Rest.      Potential    Kinetic En.   Total Energy  Conserved En.
    9.08893e+01   -4.11317e+04    8.23440e+03   -3.28973e+04   -3.23644e+04
    Temperature Pres. DC (bar) Pressure (bar)   Constr. rmsd
    3.04542e+02   -2.19652e+02    1.21849e+02    2.03108e-06

           Step           Time
           4100        8.20000

   Energies (kJ/mol)
           Bond          Angle    Proper Dih.  Improper Dih.          LJ-14
    1.91953e+02    6.01252e+02    7.44678e+02    4.53651e+01    2.93351e+02
     Coulomb-14        LJ (SR)  Disper. corr.   Coulomb (SR)   Coul. recip.
    4.40687e+03    5.54079e+03   -4.22235e+02   -5.29596e+04    2.90643e+02
 Position Rest.      Potential    Kinetic En.   Total Energy  Conserved En.
    7.43827e+01   -4.11925e+04    8.15353e+03   -3.30390e+04   -3.23699e+04
    Temperature Pres. DC (bar) Pressure (bar)   Constr. rmsd
    3.01551e+02   -2.19652e+02    5.10855e+02    2.14069e-06

           Step           Time
           4200        8.40000

   Energies (kJ/mol)
           Bond          Angle    Proper Dih.  Improper Dih.          LJ-14
    2.23324e+02    6.10292e+02    7.46611e+02    3.00762e+01    2.54989e+02
     Coulomb-14        LJ (SR)  Disper. corr.   Coulomb (SR)   Coul. recip.
    4.39876e+03    5.26438e+03   -4.22235e+02   -5.26114e+04    3.06250e+02
 Position Rest.      Potential    Kinetic En.   Total Energy  Conserved En.
    1.01947e+02   -4.10970e+04    8.01663e+03   -3.30804e+04   -3.23697e+04
    Temperature Pres. DC (bar) Pressure (bar)   Constr. rmsd
    2.96488e+02   -2.19652e+02   -1.26227e+03    2.90898e-06

           Step           Time
           4300        8.60000

   Energies (kJ/mol)
           Bond          Angle    Proper Dih.  Improper Dih.          LJ-14
    2.70491e+02    5.67482e+02    7.62076e+02    3.24356e+01    2.36277e+02
     Coulomb-14        LJ (SR)  Disper. corr.   Coulomb (SR)   Coul. recip.
    4.33550e+03    5.40144e+03   -4.22235e+02   -5.25705e+04    3.28133e+02
 Position Rest.      Potential    Kinetic En.   Total Energy  Conserved En.
    8.61649e+01   -4.09727e+04    7.96947e+03   -3.30032e+04   -3.23722e+04
    Temperature Pres. DC (bar) Pressure (bar)   Constr. rmsd
    2.94744e+02   -2.19652e+02   -3.64490e+02    2.35660e-06

           Step           Time
           4400        8.80000

   Energies (kJ/mol)
           Bond          Angle    Proper Dih.  Improper Dih.          LJ-14
    2.40352e+02    5.96772e+02    7.79281e+02    3.59506e+01    2.55461e+02
     Coulomb-14        LJ (SR)  Disper. corr.   Coulomb (SR)   Coul. recip.
    4.42132e+03    5.90405e+03   -4.22235e+02   -5.34227e+04    2.99707e+02
 Position Rest.      Potential    Kinetic En.   Total Energy  Conserved En.
    8.96516e+01   -4.12224e+04    8.21536e+03   -3.30070e+04   -3.23769e+04
    Temperature Pres. DC (bar) Pressure (bar)   Constr. rmsd
    3.03838e+02   -2.19652e+02    8.27761e+02    1.70956e-06

           Step           Time
           4500        9.00000

   Energies (kJ/mol)
           Bond          Angle    Proper Dih.  Improper Dih.          LJ-14
    2.64212e+02    5.93800e+02    7.34913e+02    5.03665e+01    2.71093e+02
     Coulomb-14        LJ (SR)  Disper. corr.   Coulomb (SR)   Coul. recip.
    4.37753e+03    5.48794e+03   -4.22235e+02   -5.32191e+04    3.23579e+02
 Position Rest.      Potential    Kinetic En.   Total Energy  Conserved En.
    9.69433e+01   -4.14410e+04    8.30321e+03   -3.31378e+04   -3.23715e+04
    Temperature Pres. DC (bar) Pressure (bar)   Constr. rmsd
    3.07087e+02   -2.19652e+02   -7.87370e+02    2.32872e-06

           Step           Time
           4600        9.20000

   Energies (kJ/mol)
           Bond          Angle    Proper Dih.  Improper Dih.          LJ-14
    2.31277e+02    5.98327e+02    7.51849e+02    4.99507e+01    2.74037e+02
     Coulomb-14        LJ (SR)  Disper. corr.   Coulomb (SR)   Coul. recip.
    4.34328e+03    5.41342e+03   -4.22235e+02   -5.29083e+04    3.23408e+02
 Position Rest.      Potential    Kinetic En.   Total Energy  Conserved En.
    8.77014e+01   -4.12573e+04    8.08848e+03   -3.31688e+04   -3.23734e+04
    Temperature Pres. DC (bar) Pressure (bar)   Constr. rmsd
    2.99145e+02   -2.19652e+02   -8.14914e+02    2.15720e-06

           Step           Time
           4700        9.40000

   Energies (kJ/mol)
           Bond          Angle    Proper Dih.  Improper Dih.          LJ-14
    1.98160e+02    5.90253e+02    7.40836e+02    3.58581e+01    2.91756e+02
     Coulomb-14        LJ (SR)  Disper. corr.   Coulomb (SR)   Coul. recip.
    4.45352e+03    5.29323e+03   -4.22235e+02   -5.29794e+04    2.86165e+02
 Position Rest.      Potential    Kinetic En.   Total Energy  Conserved En.
    1.00952e+02   -4.14109e+04    8.09155e+03   -3.33193e+04   -3.23773e+04
    Temperature Pres. DC (bar) Pressure (bar)   Constr. rmsd
    2.99259e+02   -2.19652e+02   -7.75017e+01    2.50403e-06

           Step           Time
           4800        9.60000

   Energies (kJ/mol)
           Bond          Angle    Proper Dih.  Improper Dih.          LJ-14
    2.16577e+02    6.05136e+02    7.55193e+02    5.21882e+01    2.63358e+02
     Coulomb-14        LJ (SR)  Disper. corr.   Coulomb (SR)   Coul. recip.
    4.42311e+03    5.62089e+03   -4.22235e+02   -5.31532e+04    3.11719e+02
 Position Rest.      Potential    Kinetic En.   Total Energy  Conserved En.
    9.41832e+01   -4.12331e+04    7.97870e+03   -3.32544e+04   -3.23703e+04
    Temperature Pres. DC (bar) Pressure (bar)   Constr. rmsd
    2.95085e+02   -2.19652e+02   -1.35585e+02    2.53517e-06

           Step           Time
           4900        9.80000

   Energies (kJ/mol)
           Bond          Angle    Proper Dih.  Improper Dih.          LJ-14
    2.16986e+02    6.17224e+02    7.40961e+02    3.60058e+01    2.67442e+02
     Coulomb-14        LJ (SR)  Disper. corr.   Coulomb (SR)   Coul. recip.
    4.43909e+03    5.48947e+03   -4.22235e+02   -5.31597e+04    3.24566e+02
 Position Rest.      Potential    Kinetic En.   Total Energy  Conserved En.
    8.32888e+01   -4.13669e+04    8.18776e+03   -3.31791e+04   -3.23701e+04
    Temperature Pres. DC (bar) Pressure (bar)   Constr. rmsd
    3.02817e+02   -2.19652e+02    1.00019e+02    2.34727e-06

           Step           Time
           5000       10.00000

Writing checkpoint, step 5000 at Sat Jul 18 04:07:56 2026


   Energies (kJ/mol)
           Bond          Angle    Proper Dih.  Improper Dih.          LJ-14
    2.27724e+02    5.95750e+02    7.07593e+02    4.05680e+01    2.73169e+02
     Coulomb-14        LJ (SR)  Disper. corr.   Coulomb (SR)   Coul. recip.
    4.45821e+03    5.21424e+03   -4.22235e+02   -5.28777e+04    3.07883e+02
 Position Rest.      Potential    Kinetic En.   Total Energy  Conserved En.
    8.46110e+01   -4.13902e+04    8.08878e+03   -3.33014e+04   -3.23762e+04
    Temperature Pres. DC (bar) Pressure (bar)   Constr. rmsd
    2.99156e+02   -2.19652e+02   -4.41931e+02    2.33652e-06


	<======  ###############  ==>
	<====  A V E R A G E S  ====>
	<==  ###############  ======>

	Statistics over 5001 steps using 51 frames

   Energies (kJ/mol)
           Bond          Angle    Proper Dih.  Improper Dih.          LJ-14
    2.10212e+02    5.96781e+02    7.38113e+02    3.77307e+01    2.73187e+02
     Coulomb-14        LJ (SR)  Disper. corr.   Coulomb (SR)   Coul. recip.
    4.40135e+03    5.41893e+03   -4.22235e+02   -5.28075e+04    3.27373e+02
 Position Rest.      Potential    Kinetic En.   Total Energy  Conserved En.
    9.82284e+01   -4.11278e+04    8.12358e+03   -3.30042e+04   -3.23616e+04
    Temperature Pres. DC (bar) Pressure (bar)   Constr. rmsd
    3.00444e+02   -2.19652e+02   -3.15897e+02    0.00000e+00

   Total Virial (kJ/mol)
    2.86142e+03    2.72384e+01   -1.54412e+01
    2.72462e+01    2.97569e+03   -6.05519e+01
   -1.54721e+01   -6.04818e+01    3.19844e+03

   Pressure (bar)
   -1.76144e+02   -1.19977e+01    2.66995e+01
   -1.20058e+01   -2.61681e+02    7.15929e+01
    2.67316e+01    7.15201e+01   -5.09866e+02

      T-Protein          T-SOL
    2.99576e+02    3.00555e+02


	M E G A - F L O P S   A C C O U N T I N G

 NB=Group-cutoff nonbonded kernels    NxN=N-by-N cluster Verlet kernels
 RF=Reaction-Field  VdW=Van der Waals  QSTab=quadratic-spline table
 W3=SPC/TIP3p  W4=TIP4p (single or pairs)
 V&F=Potential and force  V=Potential only  F=Force only

 Computing:                               M-Number         M-Flops  % Flops
-----------------------------------------------------------------------------
 Pair Search distance check             101.384844         912.464     0.3
 NxN QSTab Elec. + LJ [F]              4317.713784      177026.265    51.6
 NxN QSTab Elec. + LJ [V&F]              44.485328        2624.634     0.8
 NxN QSTab Elec. [F]                   3518.533480      119630.138    34.8
 NxN QSTab Elec. [V&F]                   36.274960        1487.273     0.4
 1,4 nonbonded interactions               3.770754         339.368     0.1
 Calc Weights                            47.679534        1716.463     0.5
 Spread Q Bspline                      1017.163392        2034.327     0.6
 Gather F Bspline                      1017.163392        6102.980     1.8
 3D-FFT                                3492.868434       27942.947     8.1
 Solve PME                                3.000600         192.038     0.1
 Shift-X                                  0.320978           1.926     0.0
 Bonds                                    0.760152          44.849     0.0
 Angles                                   2.645529         444.449     0.1
 Propers                                  3.960792         907.021     0.3
 Impropers                                0.290058          60.332     0.0
 Pos. Restr.                              0.755151          37.758     0.0
 Virial                                   0.164373           2.959     0.0
 Stop-CM                                  0.165256           1.653     0.0
 Calc-Ekin                                3.184356          85.978     0.0
 Lincs                                    0.720432          43.226     0.0
 Lincs-Mat                                3.662196          14.649     0.0
 Constraint-V                            15.861342         126.891     0.0
 Constraint-Vir                           0.154377           3.705     0.0
 Settle                                   4.807883        1552.946     0.5
-----------------------------------------------------------------------------
 Total                                                  343337.239   100.0
-----------------------------------------------------------------------------


     R E A L   C Y C L E   A N D   T I M E   A C C O U N T I N G

On 1 MPI rank, each using 2 OpenMP threads

 Computing:          Num   Num      Call    Wall time         Giga-Cycles
                     Ranks Threads  Count      (s)         total sum    %
-----------------------------------------------------------------------------
 Neighbor search        1    2        101       0.504          2.214   2.1
 Force                  1    2       5001      17.756         77.947  73.8
 PME mesh               1    2       5001       4.398         19.307  18.3
 NB X/F buffer ops.     1    2       9901       0.610          2.678   2.5
 Write traj.            1    2         51       0.062          0.273   0.3
 Update                 1    2       5001       0.237          1.040   1.0
 Constraints            1    2       5003       0.362          1.588   1.5
 Rest                                           0.140          0.613   0.6
-----------------------------------------------------------------------------
 Total                                         24.070        105.661 100.0
-----------------------------------------------------------------------------
 Breakdown of PME mesh computation
-----------------------------------------------------------------------------
 PME spread             1    2       5001       1.392          6.112   5.8
 PME gather             1    2       5001       1.433          6.292   6.0
 PME 3D-FFT             1    2      10002       1.304          5.725   5.4
 PME solve Elec         1    2       5001       0.219          0.961   0.9
-----------------------------------------------------------------------------

               Core t (s)   Wall t (s)        (%)
       Time:       48.139       24.070      200.0
                 (ns/day)    (hour/ns)
Performance:       35.903        0.668
Finished mdrun on rank 0 Sat Jul 18 04:07:56 2026

