              :-) GROMACS - gmx mdrun, 2020.1-Ubuntu-2020.1-1 (-:

                            GROMACS is written by:
     Emile Apol      Rossen Apostolov      Paul Bauer     Herman J.C. Berendsen
    Par Bjelkmar      Christian Blau   Viacheslav Bolnykh     Kevin Boyd    
 Aldert van Buuren   Rudi van Drunen     Anton Feenstra       Alan Gray     
  Gerrit Groenhof     Anca Hamuraru    Vincent Hindriksen  M. Eric Irrgang  
  Aleksei Iupinov   Christoph Junghans     Joe Jordan     Dimitrios Karkoulis
    Peter Kasson        Jiri Kraus      Carsten Kutzner      Per Larsson    
  Justin A. Lemkul    Viveca Lindahl    Magnus Lundborg     Erik Marklund   
    Pascal Merz     Pieter Meulenhoff    Teemu Murtola       Szilard Pall   
    Sander Pronk      Roland Schulz      Michael Shirts    Alexey Shvetsov  
   Alfons Sijbers     Peter Tieleman      Jon Vincent      Teemu Virolainen 
 Christian Wennberg    Maarten Wolf      Artem Zhmurov   
                           and the project leaders:
        Mark Abraham, Berk Hess, Erik Lindahl, and David van der Spoel

Copyright (c) 1991-2000, University of Groningen, The Netherlands.
Copyright (c) 2001-2019, The GROMACS development team at
Uppsala University, Stockholm University and
the Royal Institute of Technology, Sweden.
check out http://www.gromacs.org for more information.

GROMACS is free software; you can redistribute it and/or modify it
under the terms of the GNU Lesser General Public License
as published by the Free Software Foundation; either version 2.1
of the License, or (at your option) any later version.

GROMACS:      gmx mdrun, version 2020.1-Ubuntu-2020.1-1
Executable:   /usr/bin/gmx
Data prefix:  /usr
Working dir:  /home/gabi/Documents/MD_GROMACS/water
Process ID:   8019
Command line:
  gmx mdrun -v

GROMACS version:    2020.1-Ubuntu-2020.1-1
Precision:          single
Memory model:       64 bit
MPI library:        thread_mpi
OpenMP support:     enabled (GMX_OPENMP_MAX_THREADS = 64)
GPU support:        disabled
SIMD instructions:  SSE2
FFT library:        fftw-3.3.8-sse2-avx
RDTSCP usage:       disabled
TNG support:        enabled
Hwloc support:      hwloc-2.1.0
Tracing support:    disabled
C compiler:         /usr/bin/cc GNU 9.3.0
C compiler flags:   -msse2 -fexcess-precision=fast -funroll-all-loops
C++ compiler:       /usr/bin/c++ GNU 9.3.0
C++ compiler flags: -msse2 -fexcess-precision=fast -funroll-all-loops -fopenmp


Running on 1 node with total 2 cores, 2 logical cores
Hardware detected:
  CPU info:
    Vendor: Intel
    Brand:  Intel(R) Core(TM) i5-5200U CPU @ 2.20GHz
    Family: 6   Model: 61   Stepping: 4
    Features: aes apic avx avx2 clfsh cmov cx8 cx16 f16c fma intel lahf mmx msr nonstop_tsc pcid pclmuldq pdpe1gb popcnt pse rdrnd rdtscp sse2 sse3 sse4.1 sse4.2 ssse3 tdt x2apic
  Hardware topology: Full, with devices
    Sockets, cores, and logical processors:
      Socket  0: [   0]
      Socket  1: [   1]
    Numa nodes:
      Node  0 (4064219136 bytes mem):   0   1
      Latency:
               0
         0  1.00
    Caches:
      L1: 32768 bytes, linesize 64 bytes, assoc. 8, shared 1 ways
      L2: 262144 bytes, linesize 64 bytes, assoc. 8, shared 1 ways
      L3: 3145728 bytes, linesize 64 bytes, assoc. 12, shared 1 ways
    PCI devices:
      0000:00:07.1  Id: 8086:7111  Class: 0x0101  Numa: 0
      0000:00:0f.0  Id: 15ad:0405  Class: 0x0300  Numa: 0
      0000:00:10.0  Id: 1000:0030  Class: 0x0100  Numa: 0
      0000:02:01.0  Id: 8086:100f  Class: 0x0200  Numa: 0
      0000:02:04.0  Id: 15ad:07e0  Class: 0x0106  Numa: 0

Highest SIMD level requested by all nodes in run: AVX2_256
SIMD instructions selected at compile time:       SSE2
This program was compiled for different hardware than you are running on,
which could influence performance.
The current CPU can measure timings more accurately than the code in
gmx mdrun was configured to use. This might affect your simulation
speed as accurate timings are needed for load-balancing.
Please consider rebuilding gmx mdrun with the GMX_USE_RDTSCP=ON CMake option.

++++ PLEASE READ AND CITE THE FOLLOWING REFERENCE ++++
M. J. Abraham, T. Murtola, R. Schulz, S. Páll, J. C. Smith, B. Hess, E.
Lindahl
GROMACS: High performance molecular simulations through multi-level
parallelism from laptops to supercomputers
SoftwareX 1 (2015) pp. 19-25
-------- -------- --- Thank You --- -------- --------


++++ PLEASE READ AND CITE THE FOLLOWING REFERENCE ++++
S. Páll, M. J. Abraham, C. Kutzner, B. Hess, E. Lindahl
Tackling Exascale Software Challenges in Molecular Dynamics Simulations with
GROMACS
In S. Markidis & E. Laure (Eds.), Solving Software Challenges for Exascale 8759 (2015) pp. 3-27
-------- -------- --- Thank You --- -------- --------


++++ PLEASE READ AND CITE THE FOLLOWING REFERENCE ++++
S. Pronk, S. Páll, R. Schulz, P. Larsson, P. Bjelkmar, R. Apostolov, M. R.
Shirts, J. C. Smith, P. M. Kasson, D. van der Spoel, B. Hess, and E. Lindahl
GROMACS 4.5: a high-throughput and highly parallel open source molecular
simulation toolkit
Bioinformatics 29 (2013) pp. 845-54
-------- -------- --- Thank You --- -------- --------


++++ PLEASE READ AND CITE THE FOLLOWING REFERENCE ++++
B. Hess and C. Kutzner and D. van der Spoel and E. Lindahl
GROMACS 4: Algorithms for highly efficient, load-balanced, and scalable
molecular simulation
J. Chem. Theory Comput. 4 (2008) pp. 435-447
-------- -------- --- Thank You --- -------- --------


++++ PLEASE READ AND CITE THE FOLLOWING REFERENCE ++++
D. van der Spoel, E. Lindahl, B. Hess, G. Groenhof, A. E. Mark and H. J. C.
Berendsen
GROMACS: Fast, Flexible and Free
J. Comp. Chem. 26 (2005) pp. 1701-1719
-------- -------- --- Thank You --- -------- --------


++++ PLEASE READ AND CITE THE FOLLOWING REFERENCE ++++
E. Lindahl and B. Hess and D. van der Spoel
GROMACS 3.0: A package for molecular simulation and trajectory analysis
J. Mol. Mod. 7 (2001) pp. 306-317
-------- -------- --- Thank You --- -------- --------


++++ PLEASE READ AND CITE THE FOLLOWING REFERENCE ++++
H. J. C. Berendsen, D. van der Spoel and R. van Drunen
GROMACS: A message-passing parallel molecular dynamics implementation
Comp. Phys. Comm. 91 (1995) pp. 43-56
-------- -------- --- Thank You --- -------- --------

Input Parameters:
   integrator                     = md
   tinit                          = 0
   dt                             = 0.002
   nsteps                         = 100000
   init-step                      = 0
   simulation-part                = 1
   comm-mode                      = Linear
   nstcomm                        = 100
   bd-fric                        = 0
   ld-seed                        = -1915522833
   emtol                          = 10
   emstep                         = 0.01
   niter                          = 20
   fcstep                         = 0
   nstcgsteep                     = 1000
   nbfgscorr                      = 10
   rtpi                           = 0.05
   nstxout                        = 0
   nstvout                        = 0
   nstfout                        = 0
   nstlog                         = 5000
   nstcalcenergy                  = 100
   nstenergy                      = 5000
   nstxout-compressed             = 2000
   compressed-x-precision         = 1000
   cutoff-scheme                  = Verlet
   nstlist                        = 10
   pbc                            = xyz
   periodic-molecules             = false
   verlet-buffer-tolerance        = 0.005
   rlist                          = 0.9
   coulombtype                    = PME
   coulomb-modifier               = Potential-shift
   rcoulomb-switch                = 0
   rcoulomb                       = 0.9
   epsilon-r                      = 1
   epsilon-rf                     = inf
   vdw-type                       = Cut-off
   vdw-modifier                   = Potential-shift
   rvdw-switch                    = 0
   rvdw                           = 0.9
   DispCorr                       = EnerPres
   table-extension                = 1
   fourierspacing                 = 0.12
   fourier-nx                     = 16
   fourier-ny                     = 16
   fourier-nz                     = 16
   pme-order                      = 4
   ewald-rtol                     = 1e-05
   ewald-rtol-lj                  = 0.001
   lj-pme-comb-rule               = Geometric
   ewald-geometry                 = 0
   epsilon-surface                = 0
   tcoupl                         = Nose-Hoover
   nsttcouple                     = 10
   nh-chain-length                = 1
   print-nose-hoover-chain-variables = false
   pcoupl                         = Parrinello-Rahman
   pcoupltype                     = Isotropic
   nstpcouple                     = 10
   tau-p                          = 2
   compressibility (3x3):
      compressibility[    0]={ 4.46000e-05,  0.00000e+00,  0.00000e+00}
      compressibility[    1]={ 0.00000e+00,  4.46000e-05,  0.00000e+00}
      compressibility[    2]={ 0.00000e+00,  0.00000e+00,  4.46000e-05}
   ref-p (3x3):
      ref-p[    0]={ 1.00000e+00,  0.00000e+00,  0.00000e+00}
      ref-p[    1]={ 0.00000e+00,  1.00000e+00,  0.00000e+00}
      ref-p[    2]={ 0.00000e+00,  0.00000e+00,  1.00000e+00}
   refcoord-scaling               = No
   posres-com (3):
      posres-com[0]= 0.00000e+00
      posres-com[1]= 0.00000e+00
      posres-com[2]= 0.00000e+00
   posres-comB (3):
      posres-comB[0]= 0.00000e+00
      posres-comB[1]= 0.00000e+00
      posres-comB[2]= 0.00000e+00
   QMMM                           = false
   QMconstraints                  = 0
   QMMMscheme                     = 0
   MMChargeScaleFactor            = 1
qm-opts:
   ngQM                           = 0
   constraint-algorithm           = Lincs
   continuation                   = true
   Shake-SOR                      = false
   shake-tol                      = 0.0001
   lincs-order                    = 4
   lincs-iter                     = 1
   lincs-warnangle                = 30
   nwall                          = 0
   wall-type                      = 9-3
   wall-r-linpot                  = -1
   wall-atomtype[0]               = -1
   wall-atomtype[1]               = -1
   wall-density[0]                = 0
   wall-density[1]                = 0
   wall-ewald-zfac                = 3
   pull                           = false
   awh                            = false
   rotation                       = false
   interactiveMD                  = false
   disre                          = No
   disre-weighting                = Conservative
   disre-mixed                    = false
   dr-fc                          = 1000
   dr-tau                         = 0
   nstdisreout                    = 100
   orire-fc                       = 0
   orire-tau                      = 0
   nstorireout                    = 100
   free-energy                    = no
   cos-acceleration               = 0
   deform (3x3):
      deform[    0]={ 0.00000e+00,  0.00000e+00,  0.00000e+00}
      deform[    1]={ 0.00000e+00,  0.00000e+00,  0.00000e+00}
      deform[    2]={ 0.00000e+00,  0.00000e+00,  0.00000e+00}
   simulated-tempering            = false
   swapcoords                     = no
   userint1                       = 0
   userint2                       = 0
   userint3                       = 0
   userint4                       = 0
   userreal1                      = 0
   userreal2                      = 0
   userreal3                      = 0
   userreal4                      = 0
   applied-forces:
     electric-field:
       x:
         E0                       = 0
         omega                    = 0
         t0                       = 0
         sigma                    = 0
       y:
         E0                       = 0
         omega                    = 0
         t0                       = 0
         sigma                    = 0
       z:
         E0                       = 0
         omega                    = 0
         t0                       = 0
         sigma                    = 0
     density-guided-simulation:
       active                     = false
       group                      = protein
       similarity-measure         = inner-product
       atom-spreading-weight      = unity
       force-constant             = 1e+09
       gaussian-transform-spreading-width = 0.2
       gaussian-transform-spreading-range-in-multiples-of-width = 4
       reference-density-filename = reference.mrc
       nst                        = 1
       normalize-densities        = true
       adaptive-force-scaling     = false
       adaptive-force-scaling-time-constant = 4
grpopts:
   nrdf:        1293
   ref-t:      298.15
   tau-t:           2
annealing:          No
annealing-npoints:           0
   acc:	           0           0           0
   nfreeze:           N           N           N
   energygrp-flags[  0]: 0


Using 1 MPI thread

Non-default thread affinity set, disabling internal thread affinity

Using 2 OpenMP threads 

System total charge: 0.000
Will do PME sum in reciprocal space for electrostatic interactions.

++++ PLEASE READ AND CITE THE FOLLOWING REFERENCE ++++
U. Essmann, L. Perera, M. L. Berkowitz, T. Darden, H. Lee and L. G. Pedersen 
A smooth particle mesh Ewald method
J. Chem. Phys. 103 (1995) pp. 8577-8592
-------- -------- --- Thank You --- -------- --------

Using a Gaussian width (1/beta) of 0.288146 nm for Ewald
Potential shift: LJ r^-12: -3.541e+00 r^-6: -1.882e+00, Ewald -1.111e-05
Initialized non-bonded Coulomb Ewald tables, spacing: 8.85e-04 size: 1018


Using SIMD 4x4 nonbonded short-range kernels

Using a 4x4 pair-list setup:
  updated every 10 steps, buffer 0.000 nm, rlist 0.900 nm
At tolerance 0.005 kJ/mol/ps per atom, equivalent classical 1x1 list would be:
  updated every 10 steps, buffer 0.036 nm, rlist 0.936 nm

Using geometric Lennard-Jones combination rule

Long Range LJ corr.: <C6> 2.9078e-04


++++ PLEASE READ AND CITE THE FOLLOWING REFERENCE ++++
S. Miyamoto and P. A. Kollman
SETTLE: An Analytical Version of the SHAKE and RATTLE Algorithms for Rigid
Water Models
J. Comp. Chem. 13 (1992) pp. 952-962
-------- -------- --- Thank You --- -------- --------

There are: 648 Atoms
Center of mass motion removal mode is Linear
We have the following groups for center of mass motion removal:
  0:  rest

Started mdrun on rank 0 Thu Jul 16 03:28:31 2026

           Step           Time
              0        0.00000

   Energies (kJ/mol)
        LJ (SR)  Disper. corr.   Coulomb (SR)   Coul. recip.      Potential
    2.04698e+03   -1.08491e+02   -1.13223e+04    6.59523e+01   -9.31788e+03
    Kinetic En.   Total Energy  Conserved En.    Temperature Pres. DC (bar)
    2.46531e+01   -9.29322e+03   -9.29283e+03    4.58636e+00   -2.79492e+02
 Pressure (bar)
    8.86216e+02

           Step           Time
           5000       10.00000

   Energies (kJ/mol)
        LJ (SR)  Disper. corr.   Coulomb (SR)   Coul. recip.      Potential
    1.70733e+03   -1.05469e+02   -1.08761e+04    6.99473e+01   -9.20429e+03
    Kinetic En.   Total Energy  Conserved En.    Temperature Pres. DC (bar)
    1.57147e+03   -7.63281e+03   -9.10333e+03    2.92351e+02   -2.64167e+02
 Pressure (bar)
    2.04170e+02

           Step           Time
          10000       20.00000

   Energies (kJ/mol)
        LJ (SR)  Disper. corr.   Coulomb (SR)   Coul. recip.      Potential
    1.66162e+03   -1.01982e+02   -1.04574e+04    8.76761e+01   -8.81013e+03
    Kinetic En.   Total Energy  Conserved En.    Temperature Pres. DC (bar)
    1.61930e+03   -7.19084e+03   -9.10652e+03    3.01247e+02   -2.47012e+02
 Pressure (bar)
    3.72087e+02

           Step           Time
          15000       30.00000

   Energies (kJ/mol)
        LJ (SR)  Disper. corr.   Coulomb (SR)   Coul. recip.      Potential
    1.57377e+03   -1.11276e+02   -1.05127e+04    7.80548e+01   -8.97219e+03
    Kinetic En.   Total Energy  Conserved En.    Temperature Pres. DC (bar)
    1.71186e+03   -7.26033e+03   -9.10008e+03    3.18467e+02   -2.94004e+02
 Pressure (bar)
    4.05461e+02

           Step           Time
          20000       40.00000

   Energies (kJ/mol)
        LJ (SR)  Disper. corr.   Coulomb (SR)   Coul. recip.      Potential
    1.65461e+03   -1.03410e+02   -1.06767e+04    7.07074e+01   -9.05477e+03
    Kinetic En.   Total Energy  Conserved En.    Temperature Pres. DC (bar)
    1.75512e+03   -7.29965e+03   -9.10185e+03    3.26516e+02   -2.53968e+02
 Pressure (bar)
   -9.07304e+01

           Step           Time
          25000       50.00000

   Energies (kJ/mol)
        LJ (SR)  Disper. corr.   Coulomb (SR)   Coul. recip.      Potential
    1.62314e+03   -1.07976e+02   -1.07176e+04    7.37682e+01   -9.12864e+03
    Kinetic En.   Total Energy  Conserved En.    Temperature Pres. DC (bar)
    1.58499e+03   -7.54365e+03   -9.09847e+03    2.94866e+02   -2.76849e+02
 Pressure (bar)
   -4.60903e+02

           Step           Time
          30000       60.00000

   Energies (kJ/mol)
        LJ (SR)  Disper. corr.   Coulomb (SR)   Coul. recip.      Potential
    1.52057e+03   -1.05777e+02   -1.05660e+04    7.37087e+01   -9.07748e+03
    Kinetic En.   Total Energy  Conserved En.    Temperature Pres. DC (bar)
    1.61423e+03   -7.46325e+03   -9.09925e+03    3.00306e+02   -2.65709e+02
 Pressure (bar)
   -1.07572e+03

           Step           Time
          35000       70.00000

   Energies (kJ/mol)
        LJ (SR)  Disper. corr.   Coulomb (SR)   Coul. recip.      Potential
    1.51647e+03   -1.04683e+02   -1.06354e+04    6.84123e+01   -9.15522e+03
    Kinetic En.   Total Energy  Conserved En.    Temperature Pres. DC (bar)
    1.65077e+03   -7.50446e+03   -9.08424e+03    3.07102e+02   -2.60248e+02
 Pressure (bar)
   -1.35581e+03

           Step           Time
          40000       80.00000

   Energies (kJ/mol)
        LJ (SR)  Disper. corr.   Coulomb (SR)   Coul. recip.      Potential
    1.59170e+03   -1.07012e+02   -1.04677e+04    7.97937e+01   -8.90320e+03
    Kinetic En.   Total Energy  Conserved En.    Temperature Pres. DC (bar)
    1.51491e+03   -7.38829e+03   -9.08862e+03    2.81828e+02   -2.71935e+02
 Pressure (bar)
    2.11754e+02

           Step           Time
          45000       90.00000

   Energies (kJ/mol)
        LJ (SR)  Disper. corr.   Coulomb (SR)   Coul. recip.      Potential
    1.71131e+03   -1.02194e+02   -1.05989e+04    8.80734e+01   -8.90171e+03
    Kinetic En.   Total Energy  Conserved En.    Temperature Pres. DC (bar)
    1.68838e+03   -7.21333e+03   -9.07445e+03    3.14100e+02   -2.48038e+02
 Pressure (bar)
    2.89982e+02

           Step           Time
          50000      100.00000

   Energies (kJ/mol)
        LJ (SR)  Disper. corr.   Coulomb (SR)   Coul. recip.      Potential
    1.64689e+03   -1.05706e+02   -1.07903e+04    7.56540e+01   -9.17345e+03
    Kinetic En.   Total Energy  Conserved En.    Temperature Pres. DC (bar)
    1.60467e+03   -7.56878e+03   -9.06884e+03    2.98527e+02   -2.65351e+02
 Pressure (bar)
   -6.32268e+02

           Step           Time
          55000      110.00000

   Energies (kJ/mol)
        LJ (SR)  Disper. corr.   Coulomb (SR)   Coul. recip.      Potential
    1.38772e+03   -1.05669e+02   -1.02924e+04    8.67825e+01   -8.92359e+03
    Kinetic En.   Total Energy  Conserved En.    Temperature Pres. DC (bar)
    1.59943e+03   -7.32416e+03   -9.06872e+03    2.97553e+02   -2.65164e+02
 Pressure (bar)
   -1.55975e+03

           Step           Time
          60000      120.00000

   Energies (kJ/mol)
        LJ (SR)  Disper. corr.   Coulomb (SR)   Coul. recip.      Potential
    1.90723e+03   -1.07025e+02   -1.09702e+04    8.16869e+01   -9.08832e+03
    Kinetic En.   Total Energy  Conserved En.    Temperature Pres. DC (bar)
    1.56618e+03   -7.52213e+03   -9.06694e+03    2.91366e+02   -2.72002e+02
 Pressure (bar)
    1.99001e+03

           Step           Time
          65000      130.00000

   Energies (kJ/mol)
        LJ (SR)  Disper. corr.   Coulomb (SR)   Coul. recip.      Potential
    1.59161e+03   -1.05766e+02   -1.05443e+04    8.59686e+01   -8.97245e+03
    Kinetic En.   Total Energy  Conserved En.    Temperature Pres. DC (bar)
    1.55538e+03   -7.41707e+03   -9.07518e+03    2.89358e+02   -2.65650e+02
 Pressure (bar)
   -1.72701e+02

           Step           Time
          70000      140.00000

   Energies (kJ/mol)
        LJ (SR)  Disper. corr.   Coulomb (SR)   Coul. recip.      Potential
    1.43187e+03   -1.07180e+02   -1.03108e+04    8.49975e+01   -8.90112e+03
    Kinetic En.   Total Energy  Conserved En.    Temperature Pres. DC (bar)
    1.58500e+03   -7.31612e+03   -9.08056e+03    2.94867e+02   -2.72793e+02
 Pressure (bar)
   -1.05443e+03

           Step           Time
          75000      150.00000

   Energies (kJ/mol)
        LJ (SR)  Disper. corr.   Coulomb (SR)   Coul. recip.      Potential
    1.61623e+03   -1.05999e+02   -1.06723e+04    7.78168e+01   -9.08426e+03
    Kinetic En.   Total Energy  Conserved En.    Temperature Pres. DC (bar)
    1.65883e+03   -7.42543e+03   -9.07028e+03    3.08603e+02   -2.66823e+02
 Pressure (bar)
   -3.97354e+02

           Step           Time
          80000      160.00000

   Energies (kJ/mol)
        LJ (SR)  Disper. corr.   Coulomb (SR)   Coul. recip.      Potential
    1.57303e+03   -1.02645e+02   -1.06213e+04    8.01266e+01   -9.07075e+03
    Kinetic En.   Total Energy  Conserved En.    Temperature Pres. DC (bar)
    1.52092e+03   -7.54983e+03   -9.06512e+03    2.82946e+02   -2.50230e+02
 Pressure (bar)
   -9.61270e+02

           Step           Time
          85000      170.00000

   Energies (kJ/mol)
        LJ (SR)  Disper. corr.   Coulomb (SR)   Coul. recip.      Potential
    1.38437e+03   -1.04542e+02   -1.03550e+04    8.09433e+01   -8.99426e+03
    Kinetic En.   Total Energy  Conserved En.    Temperature Pres. DC (bar)
    1.53408e+03   -7.46018e+03   -9.06954e+03    2.85394e+02   -2.59551e+02
 Pressure (bar)
   -2.13522e+03

           Step           Time
          90000      180.00000

   Energies (kJ/mol)
        LJ (SR)  Disper. corr.   Coulomb (SR)   Coul. recip.      Potential
    1.47152e+03   -1.04059e+02   -1.04002e+04    7.83102e+01   -8.95444e+03
    Kinetic En.   Total Energy  Conserved En.    Temperature Pres. DC (bar)
    1.84149e+03   -7.11295e+03   -9.06367e+03    3.42584e+02   -2.57162e+02
 Pressure (bar)
   -9.40618e+02

           Step           Time
          95000      190.00000

   Energies (kJ/mol)
        LJ (SR)  Disper. corr.   Coulomb (SR)   Coul. recip.      Potential
    1.65990e+03   -1.06542e+02   -1.05997e+04    8.07857e+01   -8.96553e+03
    Kinetic En.   Total Energy  Conserved En.    Temperature Pres. DC (bar)
    1.65344e+03   -7.31209e+03   -9.06030e+03    3.07599e+02   -2.69560e+02
 Pressure (bar)
    3.51159e+02

           Step           Time
         100000      200.00000

Writing checkpoint, step 100000 at Thu Jul 16 03:30:17 2026


   Energies (kJ/mol)
        LJ (SR)  Disper. corr.   Coulomb (SR)   Coul. recip.      Potential
    1.65447e+03   -1.04730e+02   -1.05087e+04    8.06606e+01   -8.87832e+03
    Kinetic En.   Total Energy  Conserved En.    Temperature Pres. DC (bar)
    1.61365e+03   -7.26467e+03   -9.06118e+03    3.00196e+02   -2.60480e+02
 Pressure (bar)
    6.20768e+02


	<======  ###############  ==>
	<====  A V E R A G E S  ====>
	<==  ###############  ======>

	Statistics over 100001 steps using 1001 frames

   Energies (kJ/mol)
        LJ (SR)  Disper. corr.   Coulomb (SR)   Coul. recip.      Potential
    1.62416e+03   -1.05856e+02   -1.06084e+04    7.82819e+01   -9.01184e+03
    Kinetic En.   Total Energy  Conserved En.    Temperature Pres. DC (bar)
    1.60069e+03   -7.41114e+03   -9.08454e+03    2.97787e+02   -2.66244e+02
 Pressure (bar)
   -3.11032e+00

          Box-X          Box-Y          Box-Z
    1.87759e+00    1.87759e+00    1.87759e+00

   Total Virial (kJ/mol)
    5.34976e+02    1.49831e+00    5.73259e+00
    1.50352e+00    5.39412e+02   -1.21604e+01
    5.71800e+00   -1.21810e+01    5.33698e+02

   Pressure (bar)
   -2.98744e-01   -1.68795e+01   -3.42169e+01
   -1.69053e+01   -2.22332e+01    5.58458e+01
   -3.41436e+01    5.59493e+01    1.32010e+01


	M E G A - F L O P S   A C C O U N T I N G

 NB=Group-cutoff nonbonded kernels    NxN=N-by-N cluster Verlet kernels
 RF=Reaction-Field  VdW=Van der Waals  QSTab=quadratic-spline table
 W3=SPC/TIP3p  W4=TIP4p (single or pairs)
 V&F=Potential and force  V=Potential only  F=Force only

 Computing:                               M-Number         M-Flops  % Flops
-----------------------------------------------------------------------------
 Pair Search distance check            1489.717166       13407.454     1.5
 NxN QSTab Elec. + LJ [F]              9796.913968      401673.473    45.6
 NxN QSTab Elec. + LJ [V&F]              98.945472        5837.783     0.7
 NxN QSTab Elec. [F]                   9644.959808      327928.633    37.2
 NxN QSTab Elec. [V&F]                   97.424240        3994.394     0.5
 Calc Weights                           194.401944        6998.470     0.8
 Spread Q Bspline                      4147.241472        8294.483     0.9
 Gather F Bspline                      4147.241472       24883.449     2.8
 3D-FFT                                9830.498304       78643.986     8.9
 Solve PME                               25.600256        1638.416     0.2
 Shift-X                                  6.480648          38.884     0.0
 Virial                                   6.930693         124.752     0.0
 Stop-CM                                  0.648648           6.486     0.0
 Calc-Ekin                               12.961296         349.955     0.0
 Constraint-V                            64.800648         518.405     0.1
 Constraint-Vir                           6.480648         155.536     0.0
 Settle                                  21.600216        6976.870     0.8
-----------------------------------------------------------------------------
 Total                                                  881471.430   100.0
-----------------------------------------------------------------------------


     R E A L   C Y C L E   A N D   T I M E   A C C O U N T I N G

On 1 MPI rank, each using 2 OpenMP threads

 Computing:          Num   Num      Call    Wall time         Giga-Cycles
                     Ranks Threads  Count      (s)         total sum    %
-----------------------------------------------------------------------------
 Neighbor search        1    2      10001      10.165         44.621   9.6
 Force                  1    2     100001      61.003        267.785  57.7
 PME mesh               1    2     100001      22.334         98.040  21.1
 NB X/F buffer ops.     1    2     190001       6.450         28.314   6.1
 Write traj.            1    2         51       0.030          0.131   0.0
 Update                 1    2     100001       2.228          9.780   2.1
 Constraints            1    2     100001       1.775          7.793   1.7
 Rest                                           1.806          7.929   1.7
-----------------------------------------------------------------------------
 Total                                        105.791        464.393 100.0
-----------------------------------------------------------------------------
 Breakdown of PME mesh computation
-----------------------------------------------------------------------------
 PME spread             1    2     100001       7.725         33.912   7.3
 PME gather             1    2     100001       7.900         34.677   7.5
 PME 3D-FFT             1    2     200002       4.894         21.481   4.6
 PME solve Elec         1    2     100001       1.143          5.019   1.1
-----------------------------------------------------------------------------

               Core t (s)   Wall t (s)        (%)
       Time:      211.582      105.791      200.0
                 (ns/day)    (hour/ns)
Performance:      163.342        0.147
Finished mdrun on rank 0 Thu Jul 16 03:30:17 2026

