              :-) GROMACS - gmx mdrun, 2020.1-Ubuntu-2020.1-1 (-:

                            GROMACS is written by:
     Emile Apol      Rossen Apostolov      Paul Bauer     Herman J.C. Berendsen
    Par Bjelkmar      Christian Blau   Viacheslav Bolnykh     Kevin Boyd    
 Aldert van Buuren   Rudi van Drunen     Anton Feenstra       Alan Gray     
  Gerrit Groenhof     Anca Hamuraru    Vincent Hindriksen  M. Eric Irrgang  
  Aleksei Iupinov   Christoph Junghans     Joe Jordan     Dimitrios Karkoulis
    Peter Kasson        Jiri Kraus      Carsten Kutzner      Per Larsson    
  Justin A. Lemkul    Viveca Lindahl    Magnus Lundborg     Erik Marklund   
    Pascal Merz     Pieter Meulenhoff    Teemu Murtola       Szilard Pall   
    Sander Pronk      Roland Schulz      Michael Shirts    Alexey Shvetsov  
   Alfons Sijbers     Peter Tieleman      Jon Vincent      Teemu Virolainen 
 Christian Wennberg    Maarten Wolf      Artem Zhmurov   
                           and the project leaders:
        Mark Abraham, Berk Hess, Erik Lindahl, and David van der Spoel

Copyright (c) 1991-2000, University of Groningen, The Netherlands.
Copyright (c) 2001-2019, The GROMACS development team at
Uppsala University, Stockholm University and
the Royal Institute of Technology, Sweden.
check out http://www.gromacs.org for more information.

GROMACS is free software; you can redistribute it and/or modify it
under the terms of the GNU Lesser General Public License
as published by the Free Software Foundation; either version 2.1
of the License, or (at your option) any later version.

GROMACS:      gmx mdrun, version 2020.1-Ubuntu-2020.1-1
Executable:   /usr/bin/gmx
Data prefix:  /usr
Working dir:  /home/gabi/Documents/MD_GROMACS/methanol
Process ID:   12504
Command line:
  gmx mdrun -v

GROMACS version:    2020.1-Ubuntu-2020.1-1
Precision:          single
Memory model:       64 bit
MPI library:        thread_mpi
OpenMP support:     enabled (GMX_OPENMP_MAX_THREADS = 64)
GPU support:        disabled
SIMD instructions:  SSE2
FFT library:        fftw-3.3.8-sse2-avx
RDTSCP usage:       disabled
TNG support:        enabled
Hwloc support:      hwloc-2.1.0
Tracing support:    disabled
C compiler:         /usr/bin/cc GNU 9.3.0
C compiler flags:   -msse2 -fexcess-precision=fast -funroll-all-loops
C++ compiler:       /usr/bin/c++ GNU 9.3.0
C++ compiler flags: -msse2 -fexcess-precision=fast -funroll-all-loops -fopenmp


Running on 1 node with total 2 cores, 2 logical cores
Hardware detected:
  CPU info:
    Vendor: Intel
    Brand:  Intel(R) Core(TM) i5-5200U CPU @ 2.20GHz
    Family: 6   Model: 61   Stepping: 4
    Features: aes apic avx avx2 clfsh cmov cx8 cx16 f16c fma intel lahf mmx msr nonstop_tsc pcid pclmuldq pdpe1gb popcnt pse rdrnd rdtscp sse2 sse3 sse4.1 sse4.2 ssse3 tdt x2apic
  Hardware topology: Full, with devices
    Sockets, cores, and logical processors:
      Socket  0: [   0]
      Socket  1: [   1]
    Numa nodes:
      Node  0 (4064219136 bytes mem):   0   1
      Latency:
               0
         0  1.00
    Caches:
      L1: 32768 bytes, linesize 64 bytes, assoc. 8, shared 1 ways
      L2: 262144 bytes, linesize 64 bytes, assoc. 8, shared 1 ways
      L3: 3145728 bytes, linesize 64 bytes, assoc. 12, shared 1 ways
    PCI devices:
      0000:00:07.1  Id: 8086:7111  Class: 0x0101  Numa: 0
      0000:00:0f.0  Id: 15ad:0405  Class: 0x0300  Numa: 0
      0000:00:10.0  Id: 1000:0030  Class: 0x0100  Numa: 0
      0000:02:01.0  Id: 8086:100f  Class: 0x0200  Numa: 0
      0000:02:04.0  Id: 15ad:07e0  Class: 0x0106  Numa: 0

Highest SIMD level requested by all nodes in run: AVX2_256
SIMD instructions selected at compile time:       SSE2
This program was compiled for different hardware than you are running on,
which could influence performance.
The current CPU can measure timings more accurately than the code in
gmx mdrun was configured to use. This might affect your simulation
speed as accurate timings are needed for load-balancing.
Please consider rebuilding gmx mdrun with the GMX_USE_RDTSCP=ON CMake option.

++++ PLEASE READ AND CITE THE FOLLOWING REFERENCE ++++
M. J. Abraham, T. Murtola, R. Schulz, S. Páll, J. C. Smith, B. Hess, E.
Lindahl
GROMACS: High performance molecular simulations through multi-level
parallelism from laptops to supercomputers
SoftwareX 1 (2015) pp. 19-25
-------- -------- --- Thank You --- -------- --------


++++ PLEASE READ AND CITE THE FOLLOWING REFERENCE ++++
S. Páll, M. J. Abraham, C. Kutzner, B. Hess, E. Lindahl
Tackling Exascale Software Challenges in Molecular Dynamics Simulations with
GROMACS
In S. Markidis & E. Laure (Eds.), Solving Software Challenges for Exascale 8759 (2015) pp. 3-27
-------- -------- --- Thank You --- -------- --------


++++ PLEASE READ AND CITE THE FOLLOWING REFERENCE ++++
S. Pronk, S. Páll, R. Schulz, P. Larsson, P. Bjelkmar, R. Apostolov, M. R.
Shirts, J. C. Smith, P. M. Kasson, D. van der Spoel, B. Hess, and E. Lindahl
GROMACS 4.5: a high-throughput and highly parallel open source molecular
simulation toolkit
Bioinformatics 29 (2013) pp. 845-54
-------- -------- --- Thank You --- -------- --------


++++ PLEASE READ AND CITE THE FOLLOWING REFERENCE ++++
B. Hess and C. Kutzner and D. van der Spoel and E. Lindahl
GROMACS 4: Algorithms for highly efficient, load-balanced, and scalable
molecular simulation
J. Chem. Theory Comput. 4 (2008) pp. 435-447
-------- -------- --- Thank You --- -------- --------


++++ PLEASE READ AND CITE THE FOLLOWING REFERENCE ++++
D. van der Spoel, E. Lindahl, B. Hess, G. Groenhof, A. E. Mark and H. J. C.
Berendsen
GROMACS: Fast, Flexible and Free
J. Comp. Chem. 26 (2005) pp. 1701-1719
-------- -------- --- Thank You --- -------- --------


++++ PLEASE READ AND CITE THE FOLLOWING REFERENCE ++++
E. Lindahl and B. Hess and D. van der Spoel
GROMACS 3.0: A package for molecular simulation and trajectory analysis
J. Mol. Mod. 7 (2001) pp. 306-317
-------- -------- --- Thank You --- -------- --------


++++ PLEASE READ AND CITE THE FOLLOWING REFERENCE ++++
H. J. C. Berendsen, D. van der Spoel and R. van Drunen
GROMACS: A message-passing parallel molecular dynamics implementation
Comp. Phys. Comm. 91 (1995) pp. 43-56
-------- -------- --- Thank You --- -------- --------

Input Parameters:
   integrator                     = md
   tinit                          = 0
   dt                             = 0.002
   nsteps                         = 100000
   init-step                      = 0
   simulation-part                = 1
   comm-mode                      = Linear
   nstcomm                        = 100
   bd-fric                        = 0
   ld-seed                        = 1591251887
   emtol                          = 10
   emstep                         = 0.01
   niter                          = 20
   fcstep                         = 0
   nstcgsteep                     = 1000
   nbfgscorr                      = 10
   rtpi                           = 0.05
   nstxout                        = 0
   nstvout                        = 0
   nstfout                        = 0
   nstlog                         = 5000
   nstcalcenergy                  = 100
   nstenergy                      = 5000
   nstxout-compressed             = 2000
   compressed-x-precision         = 1000
   cutoff-scheme                  = Verlet
   nstlist                        = 10
   pbc                            = xyz
   periodic-molecules             = false
   verlet-buffer-tolerance        = 0.005
   rlist                          = 0.9
   coulombtype                    = PME
   coulomb-modifier               = Potential-shift
   rcoulomb-switch                = 0
   rcoulomb                       = 0.9
   epsilon-r                      = 1
   epsilon-rf                     = inf
   vdw-type                       = Cut-off
   vdw-modifier                   = Potential-shift
   rvdw-switch                    = 0
   rvdw                           = 0.9
   DispCorr                       = EnerPres
   table-extension                = 1
   fourierspacing                 = 0.12
   fourier-nx                     = 20
   fourier-ny                     = 20
   fourier-nz                     = 20
   pme-order                      = 4
   ewald-rtol                     = 1e-05
   ewald-rtol-lj                  = 0.001
   lj-pme-comb-rule               = Geometric
   ewald-geometry                 = 0
   epsilon-surface                = 0
   tcoupl                         = Nose-Hoover
   nsttcouple                     = 10
   nh-chain-length                = 1
   print-nose-hoover-chain-variables = false
   pcoupl                         = Parrinello-Rahman
   pcoupltype                     = Isotropic
   nstpcouple                     = 10
   tau-p                          = 4
   compressibility (3x3):
      compressibility[    0]={ 4.46000e-05,  0.00000e+00,  0.00000e+00}
      compressibility[    1]={ 0.00000e+00,  4.46000e-05,  0.00000e+00}
      compressibility[    2]={ 0.00000e+00,  0.00000e+00,  4.46000e-05}
   ref-p (3x3):
      ref-p[    0]={ 1.00000e+00,  0.00000e+00,  0.00000e+00}
      ref-p[    1]={ 0.00000e+00,  1.00000e+00,  0.00000e+00}
      ref-p[    2]={ 0.00000e+00,  0.00000e+00,  1.00000e+00}
   refcoord-scaling               = No
   posres-com (3):
      posres-com[0]= 0.00000e+00
      posres-com[1]= 0.00000e+00
      posres-com[2]= 0.00000e+00
   posres-comB (3):
      posres-comB[0]= 0.00000e+00
      posres-comB[1]= 0.00000e+00
      posres-comB[2]= 0.00000e+00
   QMMM                           = false
   QMconstraints                  = 0
   QMMMscheme                     = 0
   MMChargeScaleFactor            = 1
qm-opts:
   ngQM                           = 0
   constraint-algorithm           = Lincs
   continuation                   = true
   Shake-SOR                      = false
   shake-tol                      = 0.0001
   lincs-order                    = 4
   lincs-iter                     = 1
   lincs-warnangle                = 30
   nwall                          = 0
   wall-type                      = 9-3
   wall-r-linpot                  = -1
   wall-atomtype[0]               = -1
   wall-atomtype[1]               = -1
   wall-density[0]                = 0
   wall-density[1]                = 0
   wall-ewald-zfac                = 3
   pull                           = false
   awh                            = false
   rotation                       = false
   interactiveMD                  = false
   disre                          = No
   disre-weighting                = Conservative
   disre-mixed                    = false
   dr-fc                          = 1000
   dr-tau                         = 0
   nstdisreout                    = 100
   orire-fc                       = 0
   orire-tau                      = 0
   nstorireout                    = 100
   free-energy                    = no
   cos-acceleration               = 0
   deform (3x3):
      deform[    0]={ 0.00000e+00,  0.00000e+00,  0.00000e+00}
      deform[    1]={ 0.00000e+00,  0.00000e+00,  0.00000e+00}
      deform[    2]={ 0.00000e+00,  0.00000e+00,  0.00000e+00}
   simulated-tempering            = false
   swapcoords                     = no
   userint1                       = 0
   userint2                       = 0
   userint3                       = 0
   userint4                       = 0
   userreal1                      = 0
   userreal2                      = 0
   userreal3                      = 0
   userreal4                      = 0
   applied-forces:
     electric-field:
       x:
         E0                       = 0
         omega                    = 0
         t0                       = 0
         sigma                    = 0
       y:
         E0                       = 0
         omega                    = 0
         t0                       = 0
         sigma                    = 0
       z:
         E0                       = 0
         omega                    = 0
         t0                       = 0
         sigma                    = 0
     density-guided-simulation:
       active                     = false
       group                      = protein
       similarity-measure         = inner-product
       atom-spreading-weight      = unity
       force-constant             = 1e+09
       gaussian-transform-spreading-width = 0.2
       gaussian-transform-spreading-range-in-multiples-of-width = 4
       reference-density-filename = reference.mrc
       nst                        = 1
       normalize-densities        = true
       adaptive-force-scaling     = false
       adaptive-force-scaling-time-constant = 4
grpopts:
   nrdf:        1725
   ref-t:      298.15
   tau-t:           2
annealing:          No
annealing-npoints:           0
   acc:	           0           0           0
   nfreeze:           N           N           N
   energygrp-flags[  0]: 0

Changing nstlist from 10 to 100, rlist from 0.9 to 1.009


Using 1 MPI thread

Non-default thread affinity set, disabling internal thread affinity

Using 2 OpenMP threads 

System total charge: 0.000
Will do PME sum in reciprocal space for electrostatic interactions.

++++ PLEASE READ AND CITE THE FOLLOWING REFERENCE ++++
U. Essmann, L. Perera, M. L. Berkowitz, T. Darden, H. Lee and L. G. Pedersen 
A smooth particle mesh Ewald method
J. Chem. Phys. 103 (1995) pp. 8577-8592
-------- -------- --- Thank You --- -------- --------

Using a Gaussian width (1/beta) of 0.288146 nm for Ewald
Potential shift: LJ r^-12: -3.541e+00 r^-6: -1.882e+00, Ewald -1.111e-05
Initialized non-bonded Coulomb Ewald tables, spacing: 8.85e-04 size: 1018


Using SIMD 4x4 nonbonded short-range kernels

Using a dual 4x4 pair-list setup updated with dynamic pruning:
  outer list: updated every 100 steps, buffer 0.109 nm, rlist 1.009 nm
  inner list: updated every  22 steps, buffer 0.001 nm, rlist 0.901 nm
At tolerance 0.005 kJ/mol/ps per atom, equivalent classical 1x1 list would be:
  outer list: updated every 100 steps, buffer 0.238 nm, rlist 1.138 nm
  inner list: updated every  22 steps, buffer 0.057 nm, rlist 0.957 nm

Using full Lennard-Jones parameter combination matrix

Long Range LJ corr.: <C6> 2.2332e-03


Initializing LINear Constraint Solver

++++ PLEASE READ AND CITE THE FOLLOWING REFERENCE ++++
B. Hess and H. Bekker and H. J. C. Berendsen and J. G. E. M. Fraaije
LINCS: A Linear Constraint Solver for molecular simulations
J. Comp. Chem. 18 (1997) pp. 1463-1472
-------- -------- --- Thank You --- -------- --------

The number of constraints is 216
There are: 648 Atoms
Center of mass motion removal mode is Linear
We have the following groups for center of mass motion removal:
  0:  rest

Started mdrun on rank 0 Thu Jul 16 05:06:11 2026

           Step           Time
              0        0.00000

   Energies (kJ/mol)
           Bond          Angle        LJ (SR)  Disper. corr.   Coulomb (SR)
    6.92706e+00    3.03149e+02   -1.80143e+03   -4.07567e+02   -5.41522e+03
   Coul. recip.      Potential    Kinetic En.   Total Energy  Conserved En.
    1.42666e+02   -7.17147e+03    1.90691e+03   -5.26456e+03   -5.26377e+03
    Temperature Pres. DC (bar) Pressure (bar)   Constr. rmsd
    2.65912e+02   -5.15355e+02   -1.83042e+02    5.63843e-07

           Step           Time
           5000       10.00000

   Energies (kJ/mol)
           Bond          Angle        LJ (SR)  Disper. corr.   Coulomb (SR)
    2.37917e+02    2.56582e+02   -1.23126e+03   -3.56646e+02   -6.10434e+03
   Coul. recip.      Potential    Kinetic En.   Total Energy  Conserved En.
    1.80700e+02   -7.01705e+03    2.20914e+03   -4.80791e+03   -5.17314e+03
    Temperature Pres. DC (bar) Pressure (bar)   Constr. rmsd
    3.08056e+02   -3.94999e+02   -9.34949e+02    5.42539e-07

           Step           Time
          10000       20.00000

   Energies (kJ/mol)
           Bond          Angle        LJ (SR)  Disper. corr.   Coulomb (SR)
    2.25238e+02    2.26216e+02   -1.40582e+03   -4.22629e+02   -6.47653e+03
   Coul. recip.      Potential    Kinetic En.   Total Energy  Conserved En.
    1.65326e+02   -7.68820e+03    2.15372e+03   -5.53448e+03   -5.04747e+03
    Temperature Pres. DC (bar) Pressure (bar)   Constr. rmsd
    3.00328e+02   -5.54018e+02    2.82202e+02    5.75907e-07

           Step           Time
          15000       30.00000

   Energies (kJ/mol)
           Bond          Angle        LJ (SR)  Disper. corr.   Coulomb (SR)
    2.43617e+02    2.51587e+02   -1.03564e+03   -3.88244e+02   -6.61320e+03
   Coul. recip.      Potential    Kinetic En.   Total Energy  Conserved En.
    1.80668e+02   -7.36121e+03    2.15758e+03   -5.20363e+03   -4.91328e+03
    Temperature Pres. DC (bar) Pressure (bar)   Constr. rmsd
    3.00867e+02   -4.67801e+02   -2.71973e+02    5.81421e-07

           Step           Time
          20000       40.00000

   Energies (kJ/mol)
           Bond          Angle        LJ (SR)  Disper. corr.   Coulomb (SR)
    2.73009e+02    2.80980e+02   -1.17169e+03   -3.74904e+02   -6.39771e+03
   Coul. recip.      Potential    Kinetic En.   Total Energy  Conserved En.
    1.73102e+02   -7.21721e+03    2.10192e+03   -5.11529e+03   -4.77169e+03
    Temperature Pres. DC (bar) Pressure (bar)   Constr. rmsd
    2.93105e+02   -4.36315e+02   -3.10192e+02    4.97136e-07

           Step           Time
          25000       50.00000

   Energies (kJ/mol)
           Bond          Angle        LJ (SR)  Disper. corr.   Coulomb (SR)
    2.58119e+02    2.50931e+02   -1.31619e+03   -3.93987e+02   -6.42783e+03
   Coul. recip.      Potential    Kinetic En.   Total Energy  Conserved En.
    1.55414e+02   -7.47355e+03    2.11236e+03   -5.36119e+03   -4.70413e+03
    Temperature Pres. DC (bar) Pressure (bar)   Constr. rmsd
    2.94560e+02   -4.81696e+02    7.02734e+01    5.77575e-07

           Step           Time
          30000       60.00000

   Energies (kJ/mol)
           Bond          Angle        LJ (SR)  Disper. corr.   Coulomb (SR)
    2.68943e+02    2.49949e+02   -1.32587e+03   -4.01827e+02   -6.52573e+03
   Coul. recip.      Potential    Kinetic En.   Total Energy  Conserved En.
    1.47078e+02   -7.58746e+03    2.07304e+03   -5.51442e+03   -4.65137e+03
    Temperature Pres. DC (bar) Pressure (bar)   Constr. rmsd
    2.89077e+02   -5.00988e+02   -1.02431e+01    5.66955e-07

           Step           Time
          35000       70.00000

   Energies (kJ/mol)
           Bond          Angle        LJ (SR)  Disper. corr.   Coulomb (SR)
    2.65804e+02    1.90814e+02   -1.36764e+03   -4.28349e+02   -6.61185e+03
   Coul. recip.      Potential    Kinetic En.   Total Energy  Conserved En.
    1.60665e+02   -7.79056e+03    2.06094e+03   -5.72961e+03   -4.57183e+03
    Temperature Pres. DC (bar) Pressure (bar)   Constr. rmsd
    2.87391e+02   -5.69069e+02    1.60451e+02    5.59597e-07

           Step           Time
          40000       80.00000

   Energies (kJ/mol)
           Bond          Angle        LJ (SR)  Disper. corr.   Coulomb (SR)
    2.72156e+02    2.82075e+02   -1.38003e+03   -4.11405e+02   -6.46051e+03
   Coul. recip.      Potential    Kinetic En.   Total Energy  Conserved En.
    1.55703e+02   -7.54201e+03    2.15422e+03   -5.38779e+03   -4.56247e+03
    Temperature Pres. DC (bar) Pressure (bar)   Constr. rmsd
    3.00397e+02   -5.25073e+02   -3.61026e+02    5.30631e-07

           Step           Time
          45000       90.00000

   Energies (kJ/mol)
           Bond          Angle        LJ (SR)  Disper. corr.   Coulomb (SR)
    2.73622e+02    3.04407e+02   -1.28998e+03   -4.10532e+02   -6.63487e+03
   Coul. recip.      Potential    Kinetic En.   Total Energy  Conserved En.
    1.46896e+02   -7.61046e+03    2.16525e+03   -5.44521e+03   -4.58152e+03
    Temperature Pres. DC (bar) Pressure (bar)   Constr. rmsd
    3.01936e+02   -5.22855e+02    1.52995e+03    5.68954e-07

           Step           Time
          50000      100.00000

   Energies (kJ/mol)
           Bond          Angle        LJ (SR)  Disper. corr.   Coulomb (SR)
    2.65988e+02    2.60650e+02   -1.40313e+03   -4.17190e+02   -6.35115e+03
   Coul. recip.      Potential    Kinetic En.   Total Energy  Conserved En.
    1.54300e+02   -7.49053e+03    2.33249e+03   -5.15803e+03   -4.59601e+03
    Temperature Pres. DC (bar) Pressure (bar)   Constr. rmsd
    3.25258e+02   -5.39895e+02    5.87241e+02    5.63930e-07

           Step           Time
          55000      110.00000

   Energies (kJ/mol)
           Bond          Angle        LJ (SR)  Disper. corr.   Coulomb (SR)
    2.73144e+02    2.71085e+02   -1.25553e+03   -3.93623e+02   -6.50809e+03
   Coul. recip.      Potential    Kinetic En.   Total Energy  Conserved En.
    1.64326e+02   -7.44868e+03    2.14154e+03   -5.30714e+03   -4.58474e+03
    Temperature Pres. DC (bar) Pressure (bar)   Constr. rmsd
    2.98630e+02   -4.80808e+02   -3.65510e+02    5.60008e-07

           Step           Time
          60000      120.00000

   Energies (kJ/mol)
           Bond          Angle        LJ (SR)  Disper. corr.   Coulomb (SR)
    2.57908e+02    3.00189e+02   -1.36321e+03   -3.96592e+02   -6.39266e+03
   Coul. recip.      Potential    Kinetic En.   Total Energy  Conserved En.
    1.52750e+02   -7.44162e+03    2.11021e+03   -5.33141e+03   -4.57249e+03
    Temperature Pres. DC (bar) Pressure (bar)   Constr. rmsd
    2.94260e+02   -4.88065e+02   -5.04255e+02    5.81308e-07

           Step           Time
          65000      130.00000

   Energies (kJ/mol)
           Bond          Angle        LJ (SR)  Disper. corr.   Coulomb (SR)
    2.83434e+02    3.35336e+02   -1.20781e+03   -3.81394e+02   -6.49949e+03
   Coul. recip.      Potential    Kinetic En.   Total Energy  Conserved En.
    1.80423e+02   -7.28950e+03    2.22506e+03   -5.06444e+03   -4.51318e+03
    Temperature Pres. DC (bar) Pressure (bar)   Constr. rmsd
    3.10276e+02   -4.51496e+02   -6.68048e+02    5.64134e-07

           Step           Time
          70000      140.00000

   Energies (kJ/mol)
           Bond          Angle        LJ (SR)  Disper. corr.   Coulomb (SR)
    2.78706e+02    2.99371e+02   -1.37126e+03   -4.18982e+02   -6.58628e+03
   Coul. recip.      Potential    Kinetic En.   Total Energy  Conserved En.
    1.37685e+02   -7.66076e+03    2.26789e+03   -5.39287e+03   -4.48807e+03
    Temperature Pres. DC (bar) Pressure (bar)   Constr. rmsd
    3.16249e+02   -5.44528e+02    1.98836e+03    5.62718e-07

           Step           Time
          75000      150.00000

   Energies (kJ/mol)
           Bond          Angle        LJ (SR)  Disper. corr.   Coulomb (SR)
    2.53191e+02    2.95806e+02   -1.36826e+03   -4.22076e+02   -6.49637e+03
   Coul. recip.      Potential    Kinetic En.   Total Energy  Conserved En.
    1.63117e+02   -7.57459e+03    2.18706e+03   -5.38753e+03   -4.49004e+03
    Temperature Pres. DC (bar) Pressure (bar)   Constr. rmsd
    3.04977e+02   -5.52575e+02    4.94702e+02    5.00187e-07

           Step           Time
          80000      160.00000

   Energies (kJ/mol)
           Bond          Angle        LJ (SR)  Disper. corr.   Coulomb (SR)
    2.19217e+02    2.40357e+02   -1.35448e+03   -4.29627e+02   -6.66316e+03
   Coul. recip.      Potential    Kinetic En.   Total Energy  Conserved En.
    1.35995e+02   -7.85170e+03    1.92587e+03   -5.92583e+03   -4.45377e+03
    Temperature Pres. DC (bar) Pressure (bar)   Constr. rmsd
    2.68555e+02   -5.72457e+02    8.87651e+02    5.29638e-07

           Step           Time
          85000      170.00000

   Energies (kJ/mol)
           Bond          Angle        LJ (SR)  Disper. corr.   Coulomb (SR)
    2.53217e+02    2.47434e+02   -1.43068e+03   -4.18720e+02   -6.44567e+03
   Coul. recip.      Potential    Kinetic En.   Total Energy  Conserved En.
    1.57252e+02   -7.63717e+03    2.08333e+03   -5.55384e+03   -4.41565e+03
    Temperature Pres. DC (bar) Pressure (bar)   Constr. rmsd
    2.90513e+02   -5.43849e+02   -4.44706e+02    5.88241e-07

           Step           Time
          90000      180.00000

   Energies (kJ/mol)
           Bond          Angle        LJ (SR)  Disper. corr.   Coulomb (SR)
    3.24573e+02    3.25804e+02   -1.18451e+03   -3.76991e+02   -6.60544e+03
   Coul. recip.      Potential    Kinetic En.   Total Energy  Conserved En.
    1.56724e+02   -7.35983e+03    2.28838e+03   -5.07146e+03   -4.30963e+03
    Temperature Pres. DC (bar) Pressure (bar)   Constr. rmsd
    3.19105e+02   -4.41170e+02   -3.73922e+02    5.55600e-07

           Step           Time
          95000      190.00000

   Energies (kJ/mol)
           Bond          Angle        LJ (SR)  Disper. corr.   Coulomb (SR)
    2.84540e+02    2.61282e+02   -1.06225e+03   -3.76445e+02   -6.46534e+03
   Coul. recip.      Potential    Kinetic En.   Total Energy  Conserved En.
    1.68952e+02   -7.18926e+03    2.20092e+03   -4.98834e+03   -4.15238e+03
    Temperature Pres. DC (bar) Pressure (bar)   Constr. rmsd
    3.06910e+02   -4.39897e+02    6.06703e+02    5.97301e-07

           Step           Time
         100000      200.00000

Writing checkpoint, step 100000 at Thu Jul 16 05:07:52 2026


   Energies (kJ/mol)
           Bond          Angle        LJ (SR)  Disper. corr.   Coulomb (SR)
    2.44217e+02    2.75136e+02   -1.46664e+03   -4.22104e+02   -6.25193e+03
   Coul. recip.      Potential    Kinetic En.   Total Energy  Conserved En.
    1.43727e+02   -7.47760e+03    2.07972e+03   -5.39788e+03   -4.07571e+03
    Temperature Pres. DC (bar) Pressure (bar)   Constr. rmsd
    2.90009e+02   -5.52646e+02    9.11572e+02    5.72038e-07


	<======  ###############  ==>
	<====  A V E R A G E S  ====>
	<==  ###############  ======>

	Statistics over 100001 steps using 1001 frames

   Energies (kJ/mol)
           Bond          Angle        LJ (SR)  Disper. corr.   Coulomb (SR)
    2.65178e+02    2.72884e+02   -1.32613e+03   -4.01229e+02   -6.43684e+03
   Coul. recip.      Potential    Kinetic En.   Total Energy  Conserved En.
    1.60983e+02   -7.46515e+03    2.13731e+03   -5.32784e+03   -4.60952e+03
    Temperature Pres. DC (bar) Pressure (bar)   Constr. rmsd
    2.98040e+02   -5.01034e+02    5.87340e+00    0.00000e+00

          Box-X          Box-Y          Box-Z
    2.37589e+00    2.37589e+00    2.37589e+00

   Total Virial (kJ/mol)
    7.21176e+02   -4.58812e+00   -8.30803e+00
   -4.58809e+00    7.14057e+02   -2.23189e+01
   -8.30803e+00   -2.23188e+01    7.29564e+02

   Pressure (bar)
    5.58550e+00    7.83249e+00    2.06594e+01
    7.83240e+00    2.48117e+01    4.97621e+01
    2.06594e+01    4.97620e+01   -1.27770e+01


	M E G A - F L O P S   A C C O U N T I N G

 NB=Group-cutoff nonbonded kernels    NxN=N-by-N cluster Verlet kernels
 RF=Reaction-Field  VdW=Van der Waals  QSTab=quadratic-spline table
 W3=SPC/TIP3p  W4=TIP4p (single or pairs)
 V&F=Potential and force  V=Potential only  F=Force only

 Computing:                               M-Number         M-Flops  % Flops
-----------------------------------------------------------------------------
 Pair Search distance check             115.307302        1037.766     0.1
 NxN QSTab Elec. + LJ [F]             11030.283792      452241.635    57.2
 NxN QSTab Elec. + LJ [V&F]             111.530456        6580.297     0.8
 NxN QSTab Elec. [F]                   3336.748272      113449.441    14.4
 NxN QSTab Elec. [V&F]                   33.742824        1383.456     0.2
 Calc Weights                           194.401944        6998.470     0.9
 Spread Q Bspline                      4147.241472        8294.483     1.0
 Gather F Bspline                      4147.241472       24883.449     3.1
 3D-FFT                               20745.407452      165963.260    21.0
 Solve PME                               40.000400        2560.026     0.3
 Shift-X                                  0.648648           3.892     0.0
 Bonds                                   21.600216        1274.413     0.2
 Angles                                  21.600216        3628.836     0.5
 Virial                                   6.930693         124.752     0.0
 Stop-CM                                  0.648648           6.486     0.0
 Calc-Ekin                               12.961296         349.955     0.0
 Lincs                                   21.600216        1296.013     0.2
 Constraint-V                            43.200432         345.603     0.0
 Constraint-Vir                           2.160216          51.845     0.0
-----------------------------------------------------------------------------
 Total                                                  790474.079   100.0
-----------------------------------------------------------------------------


     R E A L   C Y C L E   A N D   T I M E   A C C O U N T I N G

On 1 MPI rank, each using 2 OpenMP threads

 Computing:          Num   Num      Call    Wall time         Giga-Cycles
                     Ranks Threads  Count      (s)         total sum    %
-----------------------------------------------------------------------------
 Neighbor search        1    2       1001       0.876          3.846   0.9
 Force                  1    2     100001      48.448        212.679  48.2
 PME mesh               1    2     100001      34.362        150.844  34.2
 NB X/F buffer ops.     1    2     199001       8.866         38.920   8.8
 Write traj.            1    2         51       0.033          0.144   0.0
 Update                 1    2     100001       3.361         14.754   3.3
 Constraints            1    2     100001       2.559         11.234   2.5
 Rest                                           2.037          8.942   2.0
-----------------------------------------------------------------------------
 Total                                        100.543        441.363 100.0
-----------------------------------------------------------------------------
 Breakdown of PME mesh computation
-----------------------------------------------------------------------------
 PME spread             1    2     100001       9.548         41.914   9.5
 PME gather             1    2     100001      11.259         49.426  11.2
 PME 3D-FFT             1    2     200002      10.382         45.575  10.3
 PME solve Elec         1    2     100001       2.370         10.402   2.4
-----------------------------------------------------------------------------

               Core t (s)   Wall t (s)        (%)
       Time:      201.085      100.543      200.0
                 (ns/day)    (hour/ns)
Performance:      171.869        0.140
Finished mdrun on rank 0 Thu Jul 16 05:07:52 2026

